{"/home/vishvrt/TypeScript/my-app/src/App.tsx": {"path":"/home/vishvrt/TypeScript/my-app/src/App.tsx","statementMap":{"0":{"start":{"line":28,"column":19},"end":{"line":72,"column":1}},"1":{"start":{"line":74,"column":20},"end":{"line":103,"column":1}},"2":{"start":{"line":105,"column":17},"end":{"line":116,"column":1}},"3":{"start":{"line":119,"column":24},"end":{"line":119,"column":39}},"4":{"start":{"line":121,"column":23},"end":{"line":134,"column":3}},"5":{"start":{"line":122,"column":4},"end":{"line":133,"column":5}},"6":{"start":{"line":124,"column":6},"end":{"line":124,"column":55}},"7":{"start":{"line":124,"column":38},"end":{"line":124,"column":53}},"8":{"start":{"line":125,"column":6},"end":{"line":127,"column":7}},"9":{"start":{"line":126,"column":8},"end":{"line":126,"column":77}},"10":{"start":{"line":128,"column":6},"end":{"line":128,"column":27}},"11":{"start":{"line":129,"column":16},"end":{"line":129,"column":59}},"12":{"start":{"line":129,"column":43},"end":{"line":129,"column":58}},"13":{"start":{"line":130,"column":6},"end":{"line":130,"column":23}},"14":{"start":{"line":131,"column":6},"end":{"line":131,"column":31}},"15":{"start":{"line":132,"column":6},"end":{"line":132,"column":19}},"16":{"start":{"line":136,"column":26},"end":{"line":149,"column":3}},"17":{"start":{"line":137,"column":4},"end":{"line":148,"column":5}},"18":{"start":{"line":139,"column":6},"end":{"line":139,"column":56}},"19":{"start":{"line":139,"column":39},"end":{"line":139,"column":54}},"20":{"start":{"line":140,"column":6},"end":{"line":142,"column":7}},"21":{"start":{"line":141,"column":8},"end":{"line":141,"column":77}},"22":{"start":{"line":143,"column":6},"end":{"line":143,"column":28}},"23":{"start":{"line":144,"column":16},"end":{"line":144,"column":60}},"24":{"start":{"line":144,"column":44},"end":{"line":144,"column":59}},"25":{"start":{"line":145,"column":6},"end":{"line":145,"column":24}},"26":{"start":{"line":146,"column":6},"end":{"line":146,"column":30}},"27":{"start":{"line":147,"column":6},"end":{"line":147,"column":19}},"28":{"start":{"line":151,"column":29},"end":{"line":151,"column":41}},"29":{"start":{"line":152,"column":32},"end":{"line":152,"column":47}},"30":{"start":{"line":153,"column":26},"end":{"line":153,"column":41}},"31":{"start":{"line":155,"column":23},"end":{"line":158,"column":3}},"32":{"start":{"line":156,"column":4},"end":{"line":156,"column":25}},"33":{"start":{"line":157,"column":4},"end":{"line":157,"column":19}},"34":{"start":{"line":160,"column":2},"end":{"line":205,"column":4}}},"fnMap":{"0":{"name":"App","decl":{"start":{"line":118,"column":9},"end":{"line":118,"column":12}},"loc":{"start":{"line":118,"column":15},"end":{"line":206,"column":1}},"line":118},"1":{"name":"(anonymous_1)","decl":{"start":{"line":121,"column":23},"end":{"line":121,"column":24}},"loc":{"start":{"line":121,"column":41},"end":{"line":134,"column":3}},"line":121},"2":{"name":"(anonymous_2)","decl":{"start":{"line":124,"column":31},"end":{"line":124,"column":32}},"loc":{"start":{"line":124,"column":38},"end":{"line":124,"column":53}},"line":124},"3":{"name":"(anonymous_3)","decl":{"start":{"line":129,"column":36},"end":{"line":129,"column":37}},"loc":{"start":{"line":129,"column":43},"end":{"line":129,"column":58}},"line":129},"4":{"name":"(anonymous_4)","decl":{"start":{"line":136,"column":26},"end":{"line":136,"column":27}},"loc":{"start":{"line":136,"column":44},"end":{"line":149,"column":3}},"line":136},"5":{"name":"(anonymous_5)","decl":{"start":{"line":139,"column":32},"end":{"line":139,"column":33}},"loc":{"start":{"line":139,"column":39},"end":{"line":139,"column":54}},"line":139},"6":{"name":"(anonymous_6)","decl":{"start":{"line":144,"column":37},"end":{"line":144,"column":38}},"loc":{"start":{"line":144,"column":44},"end":{"line":144,"column":59}},"line":144},"7":{"name":"(anonymous_7)","decl":{"start":{"line":155,"column":23},"end":{"line":155,"column":24}},"loc":{"start":{"line":155,"column":29},"end":{"line":158,"column":3}},"line":155}},"branchMap":{"0":{"loc":{"start":{"line":122,"column":4},"end":{"line":133,"column":5}},"type":"if","locations":[{"start":{"line":122,"column":4},"end":{"line":133,"column":5}},{"start":{},"end":{}}],"line":122},"1":{"loc":{"start":{"line":125,"column":6},"end":{"line":127,"column":7}},"type":"if","locations":[{"start":{"line":125,"column":6},"end":{"line":127,"column":7}},{"start":{},"end":{}}],"line":125},"2":{"loc":{"start":{"line":137,"column":4},"end":{"line":148,"column":5}},"type":"if","locations":[{"start":{"line":137,"column":4},"end":{"line":148,"column":5}},{"start":{},"end":{}}],"line":137},"3":{"loc":{"start":{"line":140,"column":6},"end":{"line":142,"column":7}},"type":"if","locations":[{"start":{"line":140,"column":6},"end":{"line":142,"column":7}},{"start":{},"end":{}}],"line":140},"4":{"loc":{"start":{"line":164,"column":9},"end":{"line":164,"column":74}},"type":"cond-expr","locations":[{"start":{"line":164,"column":19},"end":{"line":164,"column":62}},{"start":{"line":164,"column":65},"end":{"line":164,"column":74}}],"line":164}},"s":{"0":1,"1":1,"2":1,"3":3,"4":2,"5":0,"6":0,"7":0,"8":0,"9":0,"10":0,"11":0,"12":0,"13":0,"14":0,"15":0,"16":2,"17":0,"18":0,"19":0,"20":0,"21":0,"22":0,"23":0,"24":0,"25":0,"26":0,"27":0,"28":2,"29":2,"30":2,"31":2,"32":0,"33":0,"34":2},"f":{"0":3,"1":0,"2":0,"3":0,"4":0,"5":0,"6":0,"7":0},"b":{"0":[0,0],"1":[0,0],"2":[0,0],"3":[0,0],"4":[0,2]},"_coverageSchema":"1a1c01bbd47fc00a2c39e90264f33305004495a9","hash":"d8a3fc39213fff161b317a08a44954f4f0d4f8ef"}
,"/home/vishvrt/TypeScript/my-app/src/Theme.tsx": {"path":"/home/vishvrt/TypeScript/my-app/src/Theme.tsx","statementMap":{"0":{"start":{"line":4,"column":17},"end":{"line":360,"column":2}},"1":{"start":{"line":362,"column":21},"end":{"line":368,"column":2}}},"fnMap":{},"branchMap":{},"s":{"0":47,"1":47},"f":{},"b":{},"_coverageSchema":"1a1c01bbd47fc00a2c39e90264f33305004495a9","hash":"6792a5845a0e1cb62d40dcdbe1cfbf1def11483e"}
,"/home/vishvrt/TypeScript/my-app/src/index.tsx": {"path":"/home/vishvrt/TypeScript/my-app/src/index.tsx","statementMap":{"0":{"start":{"line":7,"column":0},"end":{"line":12,"column":2}},"1":{"start":{"line":17,"column":0},"end":{"line":17,"column":18}}},"fnMap":{},"branchMap":{},"s":{"0":0,"1":0},"f":{},"b":{}}
,"/home/vishvrt/TypeScript/my-app/src/reportWebVitals.ts": {"path":"/home/vishvrt/TypeScript/my-app/src/reportWebVitals.ts","statementMap":{"0":{"start":{"line":3,"column":24},"end":{"line":13,"column":1}},"1":{"start":{"line":4,"column":2},"end":{"line":12,"column":3}},"2":{"start":{"line":5,"column":4},"end":{"line":11,"column":7}},"3":{"start":{"line":6,"column":6},"end":{"line":6,"column":26}},"4":{"start":{"line":7,"column":6},"end":{"line":7,"column":26}},"5":{"start":{"line":8,"column":6},"end":{"line":8,"column":26}},"6":{"start":{"line":9,"column":6},"end":{"line":9,"column":26}},"7":{"start":{"line":10,"column":6},"end":{"line":10,"column":27}}},"fnMap":{"0":{"name":"(anonymous_0)","decl":{"start":{"line":3,"column":24},"end":{"line":3,"column":25}},"loc":{"start":{"line":3,"column":57},"end":{"line":13,"column":1}},"line":3},"1":{"name":"(anonymous_1)","decl":{"start":{"line":5,"column":30},"end":{"line":5,"column":31}},"loc":{"start":{"line":5,"column":79},"end":{"line":11,"column":5}},"line":5}},"branchMap":{"0":{"loc":{"start":{"line":4,"column":2},"end":{"line":12,"column":3}},"type":"if","locations":[{"start":{"line":4,"column":2},"end":{"line":12,"column":3}},{"start":{},"end":{}}],"line":4},"1":{"loc":{"start":{"line":4,"column":6},"end":{"line":4,"column":52}},"type":"binary-expr","locations":[{"start":{"line":4,"column":6},"end":{"line":4,"column":17}},{"start":{"line":4,"column":21},"end":{"line":4,"column":52}}],"line":4}},"s":{"0":0,"1":0,"2":0,"3":0,"4":0,"5":0,"6":0,"7":0},"f":{"0":0,"1":0},"b":{"0":[0,0],"1":[0,0]}}
,"/home/vishvrt/TypeScript/my-app/src/Components/atoms/app-logo/BlinkImage.stories.tsx": {"path":"/home/vishvrt/TypeScript/my-app/src/Components/atoms/app-logo/BlinkImage.stories.tsx","statementMap":{"0":{"start":{"line":9,"column":12},"end":{"line":9,"column":21}},"1":{"start":{"line":14,"column":52},"end":{"line":14,"column":72}},"2":{"start":{"line":14,"column":58},"end":{"line":14,"column":72}},"3":{"start":{"line":16,"column":23},"end":{"line":16,"column":40}}},"fnMap":{"0":{"name":"(anonymous_0)","decl":{"start":{"line":8,"column":8},"end":{"line":8,"column":9}},"loc":{"start":{"line":9,"column":12},"end":{"line":9,"column":21}},"line":9},"1":{"name":"(anonymous_1)","decl":{"start":{"line":14,"column":52},"end":{"line":14,"column":53}},"loc":{"start":{"line":14,"column":58},"end":{"line":14,"column":72}},"line":14}},"branchMap":{},"s":{"0":0,"1":0,"2":0,"3":0},"f":{"0":0,"1":0},"b":{}}
,"/home/vishvrt/TypeScript/my-app/src/Components/atoms/app-logo/BlinkImage.tsx": {"path":"/home/vishvrt/TypeScript/my-app/src/Components/atoms/app-logo/BlinkImage.tsx","statementMap":{"0":{"start":{"line":5,"column":19},"end":{"line":17,"column":1}},"1":{"start":{"line":6,"column":4},"end":{"line":16,"column":6}}},"fnMap":{"0":{"name":"(anonymous_0)","decl":{"start":{"line":5,"column":19},"end":{"line":5,"column":20}},"loc":{"start":{"line":5,"column":25},"end":{"line":17,"column":1}},"line":5}},"branchMap":{},"s":{"0":6,"1":9},"f":{"0":9},"b":{},"_coverageSchema":"1a1c01bbd47fc00a2c39e90264f33305004495a9","hash":"060780bc9c17b5e7dd1145711924463e25721341"}
,"/home/vishvrt/TypeScript/my-app/src/Components/atoms/author/AuthorName.stories.tsx": {"path":"/home/vishvrt/TypeScript/my-app/src/Components/atoms/author/AuthorName.stories.tsx","statementMap":{"0":{"start":{"line":9,"column":52},"end":{"line":11,"column":1}},"1":{"start":{"line":10,"column":2},"end":{"line":10,"column":26}},"2":{"start":{"line":13,"column":23},"end":{"line":13,"column":40}},"3":{"start":{"line":15,"column":0},"end":{"line":17,"column":2}}},"fnMap":{"0":{"name":"(anonymous_0)","decl":{"start":{"line":9,"column":52},"end":{"line":9,"column":53}},"loc":{"start":{"line":10,"column":2},"end":{"line":10,"column":26}},"line":10}},"branchMap":{},"s":{"0":0,"1":0,"2":0,"3":0},"f":{"0":0},"b":{}}
,"/home/vishvrt/TypeScript/my-app/src/Components/atoms/author/AuthorName.tsx": {"path":"/home/vishvrt/TypeScript/my-app/src/Components/atoms/author/AuthorName.tsx","statementMap":{"0":{"start":{"line":9,"column":19},"end":{"line":22,"column":1}},"1":{"start":{"line":10,"column":20},"end":{"line":10,"column":30}},"2":{"start":{"line":11,"column":4},"end":{"line":21,"column":6}}},"fnMap":{"0":{"name":"(anonymous_0)","decl":{"start":{"line":9,"column":19},"end":{"line":9,"column":20}},"loc":{"start":{"line":9,"column":37},"end":{"line":22,"column":1}},"line":9}},"branchMap":{},"s":{"0":8,"1":22,"2":22},"f":{"0":22},"b":{},"_coverageSchema":"1a1c01bbd47fc00a2c39e90264f33305004495a9","hash":"fff6e5689d1ed87bd521f520de70e310dfe8881e"}
,"/home/vishvrt/TypeScript/my-app/src/Components/atoms/avatar/LoginAvatar.stories.tsx": {"path":"/home/vishvrt/TypeScript/my-app/src/Components/atoms/avatar/LoginAvatar.stories.tsx","statementMap":{"0":{"start":{"line":9,"column":53},"end":{"line":11,"column":1}},"1":{"start":{"line":10,"column":4},"end":{"line":10,"column":29}},"2":{"start":{"line":13,"column":23},"end":{"line":13,"column":40}}},"fnMap":{"0":{"name":"(anonymous_0)","decl":{"start":{"line":9,"column":53},"end":{"line":9,"column":54}},"loc":{"start":{"line":10,"column":4},"end":{"line":10,"column":29}},"line":10}},"branchMap":{},"s":{"0":0,"1":0,"2":0},"f":{"0":0},"b":{}}
,"/home/vishvrt/TypeScript/my-app/src/Components/atoms/avatar/LoginAvatar.tsx": {"path":"/home/vishvrt/TypeScript/my-app/src/Components/atoms/avatar/LoginAvatar.tsx","statementMap":{"0":{"start":{"line":7,"column":20},"end":{"line":11,"column":1}},"1":{"start":{"line":8,"column":4},"end":{"line":10,"column":6}}},"fnMap":{"0":{"name":"(anonymous_0)","decl":{"start":{"line":7,"column":20},"end":{"line":7,"column":21}},"loc":{"start":{"line":7,"column":39},"end":{"line":11,"column":1}},"line":7}},"branchMap":{},"s":{"0":4,"1":5},"f":{"0":5},"b":{},"_coverageSchema":"1a1c01bbd47fc00a2c39e90264f33305004495a9","hash":"b09506af8d5dc68a780708cd0cd69f985d052c40"}
,"/home/vishvrt/TypeScript/my-app/src/Components/atoms/banner/banner-image/BannerImage.stories.tsx": {"path":"/home/vishvrt/TypeScript/my-app/src/Components/atoms/banner/banner-image/BannerImage.stories.tsx","statementMap":{"0":{"start":{"line":9,"column":53},"end":{"line":9,"column":74}},"1":{"start":{"line":9,"column":59},"end":{"line":9,"column":74}},"2":{"start":{"line":11,"column":23},"end":{"line":11,"column":40}}},"fnMap":{"0":{"name":"(anonymous_0)","decl":{"start":{"line":9,"column":53},"end":{"line":9,"column":54}},"loc":{"start":{"line":9,"column":59},"end":{"line":9,"column":74}},"line":9}},"branchMap":{},"s":{"0":0,"1":0,"2":0},"f":{"0":0},"b":{}}
,"/home/vishvrt/TypeScript/my-app/src/Components/atoms/banner/banner-image/BannerImage.tsx": {"path":"/home/vishvrt/TypeScript/my-app/src/Components/atoms/banner/banner-image/BannerImage.tsx","statementMap":{"0":{"start":{"line":6,"column":27},"end":{"line":19,"column":1}},"1":{"start":{"line":7,"column":2},"end":{"line":18,"column":4}}},"fnMap":{"0":{"name":"(anonymous_0)","decl":{"start":{"line":6,"column":27},"end":{"line":6,"column":28}},"loc":{"start":{"line":6,"column":33},"end":{"line":19,"column":1}},"line":6}},"branchMap":{},"s":{"0":3,"1":2},"f":{"0":2},"b":{},"_coverageSchema":"1a1c01bbd47fc00a2c39e90264f33305004495a9","hash":"203c63ac258c8285410d65ad5dafaad950667423"}
,"/home/vishvrt/TypeScript/my-app/src/Components/atoms/banner/banner-item-one/BannerOne.stories.tsx": {"path":"/home/vishvrt/TypeScript/my-app/src/Components/atoms/banner/banner-item-one/BannerOne.stories.tsx","statementMap":{"0":{"start":{"line":9,"column":51},"end":{"line":9,"column":70}},"1":{"start":{"line":9,"column":57},"end":{"line":9,"column":70}},"2":{"start":{"line":11,"column":23},"end":{"line":11,"column":40}}},"fnMap":{"0":{"name":"(anonymous_0)","decl":{"start":{"line":9,"column":51},"end":{"line":9,"column":52}},"loc":{"start":{"line":9,"column":57},"end":{"line":9,"column":70}},"line":9}},"branchMap":{},"s":{"0":0,"1":0,"2":0},"f":{"0":0},"b":{}}
,"/home/vishvrt/TypeScript/my-app/src/Components/atoms/banner/banner-item-one/BannerOne.tsx": {"path":"/home/vishvrt/TypeScript/my-app/src/Components/atoms/banner/banner-item-one/BannerOne.tsx","statementMap":{"0":{"start":{"line":5,"column":25},"end":{"line":16,"column":1}},"1":{"start":{"line":6,"column":18},"end":{"line":6,"column":31}},"2":{"start":{"line":7,"column":2},"end":{"line":15,"column":9}}},"fnMap":{"0":{"name":"(anonymous_0)","decl":{"start":{"line":5,"column":25},"end":{"line":5,"column":26}},"loc":{"start":{"line":5,"column":31},"end":{"line":16,"column":1}},"line":5}},"branchMap":{},"s":{"0":4,"1":3,"2":3},"f":{"0":3},"b":{},"_coverageSchema":"1a1c01bbd47fc00a2c39e90264f33305004495a9","hash":"e9338f0c1c115c50ebc1ecfce136dcadb5610b18"}
,"/home/vishvrt/TypeScript/my-app/src/Components/atoms/banner/banner-item-two/BannerTwo.stories.tsx": {"path":"/home/vishvrt/TypeScript/my-app/src/Components/atoms/banner/banner-item-two/BannerTwo.stories.tsx","statementMap":{"0":{"start":{"line":9,"column":51},"end":{"line":9,"column":70}},"1":{"start":{"line":9,"column":57},"end":{"line":9,"column":70}},"2":{"start":{"line":11,"column":23},"end":{"line":11,"column":40}}},"fnMap":{"0":{"name":"(anonymous_0)","decl":{"start":{"line":9,"column":51},"end":{"line":9,"column":52}},"loc":{"start":{"line":9,"column":57},"end":{"line":9,"column":70}},"line":9}},"branchMap":{},"s":{"0":0,"1":0,"2":0},"f":{"0":0},"b":{}}
,"/home/vishvrt/TypeScript/my-app/src/Components/atoms/banner/banner-item-two/BannerTwo.tsx": {"path":"/home/vishvrt/TypeScript/my-app/src/Components/atoms/banner/banner-item-two/BannerTwo.tsx","statementMap":{"0":{"start":{"line":5,"column":25},"end":{"line":16,"column":1}},"1":{"start":{"line":6,"column":16},"end":{"line":6,"column":29}},"2":{"start":{"line":7,"column":2},"end":{"line":15,"column":4}}},"fnMap":{"0":{"name":"(anonymous_0)","decl":{"start":{"line":5,"column":25},"end":{"line":5,"column":26}},"loc":{"start":{"line":5,"column":31},"end":{"line":16,"column":1}},"line":5}},"branchMap":{},"s":{"0":4,"1":3,"2":3},"f":{"0":3},"b":{},"_coverageSchema":"1a1c01bbd47fc00a2c39e90264f33305004495a9","hash":"fdf0cae519a8a67e1cf07cf47ee8c3ac70e58897"}
,"/home/vishvrt/TypeScript/my-app/src/Components/atoms/bookpagedetails/bookdetailstitle/BookDetailsTitle.stories.tsx": {"path":"/home/vishvrt/TypeScript/my-app/src/Components/atoms/bookpagedetails/bookdetailstitle/BookDetailsTitle.stories.tsx","statementMap":{"0":{"start":{"line":9,"column":58},"end":{"line":11,"column":1}},"1":{"start":{"line":10,"column":2},"end":{"line":10,"column":22}},"2":{"start":{"line":13,"column":23},"end":{"line":13,"column":40}}},"fnMap":{"0":{"name":"(anonymous_0)","decl":{"start":{"line":9,"column":58},"end":{"line":9,"column":59}},"loc":{"start":{"line":10,"column":2},"end":{"line":10,"column":22}},"line":10}},"branchMap":{},"s":{"0":0,"1":0,"2":0},"f":{"0":0},"b":{}}
,"/home/vishvrt/TypeScript/my-app/src/Components/atoms/bookpagedetails/bookdetailstitle/BookDetailsTitle.tsx": {"path":"/home/vishvrt/TypeScript/my-app/src/Components/atoms/bookpagedetails/bookdetailstitle/BookDetailsTitle.tsx","statementMap":{"0":{"start":{"line":5,"column":25},"end":{"line":16,"column":1}},"1":{"start":{"line":6,"column":20},"end":{"line":6,"column":33}},"2":{"start":{"line":7,"column":4},"end":{"line":15,"column":6}}},"fnMap":{"0":{"name":"(anonymous_0)","decl":{"start":{"line":5,"column":25},"end":{"line":5,"column":26}},"loc":{"start":{"line":5,"column":31},"end":{"line":16,"column":1}},"line":5}},"branchMap":{},"s":{"0":2,"1":1,"2":1},"f":{"0":1},"b":{},"_coverageSchema":"1a1c01bbd47fc00a2c39e90264f33305004495a9","hash":"62460df041e365f3230cbeec5082a63dc2ac109e"}
,"/home/vishvrt/TypeScript/my-app/src/Components/atoms/bookpagedetails/booknote/BookNote.stories.tsx": {"path":"/home/vishvrt/TypeScript/my-app/src/Components/atoms/bookpagedetails/booknote/BookNote.stories.tsx","statementMap":{"0":{"start":{"line":9,"column":50},"end":{"line":9,"column":68}},"1":{"start":{"line":9,"column":56},"end":{"line":9,"column":68}},"2":{"start":{"line":11,"column":23},"end":{"line":11,"column":40}}},"fnMap":{"0":{"name":"(anonymous_0)","decl":{"start":{"line":9,"column":50},"end":{"line":9,"column":51}},"loc":{"start":{"line":9,"column":56},"end":{"line":9,"column":68}},"line":9}},"branchMap":{},"s":{"0":0,"1":0,"2":0},"f":{"0":0},"b":{}}
,"/home/vishvrt/TypeScript/my-app/src/Components/atoms/bookpagedetails/booknote/BookNote.tsx": {"path":"/home/vishvrt/TypeScript/my-app/src/Components/atoms/bookpagedetails/booknote/BookNote.tsx","statementMap":{"0":{"start":{"line":5,"column":17},"end":{"line":16,"column":1}},"1":{"start":{"line":6,"column":20},"end":{"line":6,"column":33}},"2":{"start":{"line":7,"column":4},"end":{"line":15,"column":6}}},"fnMap":{"0":{"name":"(anonymous_0)","decl":{"start":{"line":5,"column":17},"end":{"line":5,"column":18}},"loc":{"start":{"line":5,"column":23},"end":{"line":16,"column":1}},"line":5}},"branchMap":{},"s":{"0":2,"1":1,"2":1},"f":{"0":1},"b":{},"_coverageSchema":"1a1c01bbd47fc00a2c39e90264f33305004495a9","hash":"f980359ce500a0db71e625704c8adde6799cd84c"}
,"/home/vishvrt/TypeScript/my-app/src/Components/atoms/bookpagedetails/bookoptions/finishbutton/FinishReading.stories.tsx": {"path":"/home/vishvrt/TypeScript/my-app/src/Components/atoms/bookpagedetails/bookoptions/finishbutton/FinishReading.stories.tsx","statementMap":{"0":{"start":{"line":9,"column":6},"end":{"line":11,"column":21}},"1":{"start":{"line":16,"column":55},"end":{"line":18,"column":1}},"2":{"start":{"line":17,"column":2},"end":{"line":17,"column":29}},"3":{"start":{"line":20,"column":23},"end":{"line":20,"column":40}}},"fnMap":{"0":{"name":"(anonymous_0)","decl":{"start":{"line":8,"column":4},"end":{"line":8,"column":5}},"loc":{"start":{"line":9,"column":6},"end":{"line":11,"column":21}},"line":9},"1":{"name":"(anonymous_1)","decl":{"start":{"line":16,"column":55},"end":{"line":16,"column":56}},"loc":{"start":{"line":17,"column":2},"end":{"line":17,"column":29}},"line":17}},"branchMap":{},"s":{"0":0,"1":0,"2":0,"3":0},"f":{"0":0,"1":0},"b":{}}
,"/home/vishvrt/TypeScript/my-app/src/Components/atoms/bookpagedetails/bookoptions/finishbutton/FinishReading.tsx": {"path":"/home/vishvrt/TypeScript/my-app/src/Components/atoms/bookpagedetails/bookoptions/finishbutton/FinishReading.tsx","statementMap":{"0":{"start":{"line":12,"column":22},"end":{"line":35,"column":1}},"1":{"start":{"line":13,"column":14},"end":{"line":15,"column":3}},"2":{"start":{"line":14,"column":4},"end":{"line":14,"column":39}},"3":{"start":{"line":16,"column":18},"end":{"line":16,"column":31}},"4":{"start":{"line":17,"column":2},"end":{"line":34,"column":4}}},"fnMap":{"0":{"name":"(anonymous_0)","decl":{"start":{"line":12,"column":22},"end":{"line":12,"column":23}},"loc":{"start":{"line":12,"column":41},"end":{"line":35,"column":1}},"line":12},"1":{"name":"(anonymous_1)","decl":{"start":{"line":13,"column":14},"end":{"line":13,"column":15}},"loc":{"start":{"line":13,"column":20},"end":{"line":15,"column":3}},"line":13}},"branchMap":{"0":{"loc":{"start":{"line":23,"column":19},"end":{"line":23,"column":42}},"type":"cond-expr","locations":[{"start":{"line":23,"column":31},"end":{"line":23,"column":37}},{"start":{"line":23,"column":40},"end":{"line":23,"column":42}}],"line":23}},"s":{"0":2,"1":3,"2":1,"3":3,"4":3},"f":{"0":3,"1":1},"b":{"0":[2,1]},"_coverageSchema":"1a1c01bbd47fc00a2c39e90264f33305004495a9","hash":"07485dcdfcefbbc538d94c5aecf4ed075d384d04"}
,"/home/vishvrt/TypeScript/my-app/src/Components/atoms/bookpagedetails/bookoptions/kindlebutton/SenToKindle.stories.tsx": {"path":"/home/vishvrt/TypeScript/my-app/src/Components/atoms/bookpagedetails/bookoptions/kindlebutton/SenToKindle.stories.tsx","statementMap":{"0":{"start":{"line":9,"column":54},"end":{"line":9,"column":76}},"1":{"start":{"line":9,"column":60},"end":{"line":9,"column":76}},"2":{"start":{"line":11,"column":23},"end":{"line":11,"column":40}}},"fnMap":{"0":{"name":"(anonymous_0)","decl":{"start":{"line":9,"column":54},"end":{"line":9,"column":55}},"loc":{"start":{"line":9,"column":60},"end":{"line":9,"column":76}},"line":9}},"branchMap":{},"s":{"0":0,"1":0,"2":0},"f":{"0":0},"b":{}}
,"/home/vishvrt/TypeScript/my-app/src/Components/atoms/bookpagedetails/bookoptions/kindlebutton/SendToKindle.tsx": {"path":"/home/vishvrt/TypeScript/my-app/src/Components/atoms/bookpagedetails/bookoptions/kindlebutton/SendToKindle.tsx","statementMap":{"0":{"start":{"line":5,"column":21},"end":{"line":17,"column":1}},"1":{"start":{"line":6,"column":16},"end":{"line":6,"column":29}},"2":{"start":{"line":7,"column":2},"end":{"line":16,"column":4}}},"fnMap":{"0":{"name":"(anonymous_0)","decl":{"start":{"line":5,"column":21},"end":{"line":5,"column":22}},"loc":{"start":{"line":5,"column":27},"end":{"line":17,"column":1}},"line":5}},"branchMap":{},"s":{"0":2,"1":1,"2":1},"f":{"0":1},"b":{},"_coverageSchema":"1a1c01bbd47fc00a2c39e90264f33305004495a9","hash":"6e66282ee7805cf3535cb7f22db59372bc52e4d7"}
,"/home/vishvrt/TypeScript/my-app/src/Components/atoms/bookpagedetails/bookoptions/readbutton/ReadNow.stories.tsx": {"path":"/home/vishvrt/TypeScript/my-app/src/Components/atoms/bookpagedetails/bookoptions/readbutton/ReadNow.stories.tsx","statementMap":{"0":{"start":{"line":9,"column":49},"end":{"line":9,"column":66}},"1":{"start":{"line":9,"column":55},"end":{"line":9,"column":66}},"2":{"start":{"line":11,"column":23},"end":{"line":11,"column":40}}},"fnMap":{"0":{"name":"(anonymous_0)","decl":{"start":{"line":9,"column":49},"end":{"line":9,"column":50}},"loc":{"start":{"line":9,"column":55},"end":{"line":9,"column":66}},"line":9}},"branchMap":{},"s":{"0":0,"1":0,"2":0},"f":{"0":0},"b":{}}
,"/home/vishvrt/TypeScript/my-app/src/Components/atoms/bookpagedetails/bookoptions/readbutton/ReadNow.tsx": {"path":"/home/vishvrt/TypeScript/my-app/src/Components/atoms/bookpagedetails/bookoptions/readbutton/ReadNow.tsx","statementMap":{"0":{"start":{"line":6,"column":16},"end":{"line":17,"column":1}},"1":{"start":{"line":7,"column":16},"end":{"line":7,"column":29}},"2":{"start":{"line":8,"column":2},"end":{"line":16,"column":4}}},"fnMap":{"0":{"name":"(anonymous_0)","decl":{"start":{"line":6,"column":16},"end":{"line":6,"column":17}},"loc":{"start":{"line":6,"column":22},"end":{"line":17,"column":1}},"line":6}},"branchMap":{},"s":{"0":2,"1":1,"2":1},"f":{"0":1},"b":{},"_coverageSchema":"1a1c01bbd47fc00a2c39e90264f33305004495a9","hash":"382a6644e9036d6d99146bacbe8ef98aa45ab6e9"}
,"/home/vishvrt/TypeScript/my-app/src/Components/atoms/bookpagedetails/keydetails/KeyIdeas.stories.tsx": {"path":"/home/vishvrt/TypeScript/my-app/src/Components/atoms/bookpagedetails/keydetails/KeyIdeas.stories.tsx","statementMap":{"0":{"start":{"line":9,"column":49},"end":{"line":9,"column":66}},"1":{"start":{"line":9,"column":55},"end":{"line":9,"column":66}},"2":{"start":{"line":11,"column":23},"end":{"line":11,"column":40}}},"fnMap":{"0":{"name":"(anonymous_0)","decl":{"start":{"line":9,"column":49},"end":{"line":9,"column":50}},"loc":{"start":{"line":9,"column":55},"end":{"line":9,"column":66}},"line":9}},"branchMap":{},"s":{"0":0,"1":0,"2":0},"f":{"0":0},"b":{}}
,"/home/vishvrt/TypeScript/my-app/src/Components/atoms/bookpagedetails/keydetails/KeyIdeas.tsx": {"path":"/home/vishvrt/TypeScript/my-app/src/Components/atoms/bookpagedetails/keydetails/KeyIdeas.tsx","statementMap":{"0":{"start":{"line":5,"column":17},"end":{"line":15,"column":1}},"1":{"start":{"line":6,"column":16},"end":{"line":6,"column":29}},"2":{"start":{"line":7,"column":2},"end":{"line":14,"column":4}}},"fnMap":{"0":{"name":"(anonymous_0)","decl":{"start":{"line":5,"column":17},"end":{"line":5,"column":18}},"loc":{"start":{"line":5,"column":23},"end":{"line":15,"column":1}},"line":5}},"branchMap":{},"s":{"0":1,"1":1,"2":1},"f":{"0":1},"b":{},"_coverageSchema":"1a1c01bbd47fc00a2c39e90264f33305004495a9","hash":"fbd00608054b5b3368ddfc4f6aa972d1f2d68742"}
,"/home/vishvrt/TypeScript/my-app/src/Components/atoms/booktitle/BookTitle.stories.tsx": {"path":"/home/vishvrt/TypeScript/my-app/src/Components/atoms/booktitle/BookTitle.stories.tsx","statementMap":{"0":{"start":{"line":9,"column":51},"end":{"line":11,"column":1}},"1":{"start":{"line":10,"column":4},"end":{"line":10,"column":27}},"2":{"start":{"line":13,"column":23},"end":{"line":13,"column":40}},"3":{"start":{"line":15,"column":0},"end":{"line":17,"column":2}}},"fnMap":{"0":{"name":"(anonymous_0)","decl":{"start":{"line":9,"column":51},"end":{"line":9,"column":52}},"loc":{"start":{"line":10,"column":4},"end":{"line":10,"column":27}},"line":10}},"branchMap":{},"s":{"0":0,"1":0,"2":0,"3":0},"f":{"0":0},"b":{}}
,"/home/vishvrt/TypeScript/my-app/src/Components/atoms/booktitle/BookTitle.tsx": {"path":"/home/vishvrt/TypeScript/my-app/src/Components/atoms/booktitle/BookTitle.tsx","statementMap":{"0":{"start":{"line":9,"column":18},"end":{"line":21,"column":1}},"1":{"start":{"line":10,"column":20},"end":{"line":10,"column":30}},"2":{"start":{"line":11,"column":2},"end":{"line":20,"column":4}}},"fnMap":{"0":{"name":"(anonymous_0)","decl":{"start":{"line":9,"column":18},"end":{"line":9,"column":19}},"loc":{"start":{"line":9,"column":37},"end":{"line":21,"column":1}},"line":9}},"branchMap":{},"s":{"0":8,"1":22,"2":22},"f":{"0":22},"b":{},"_coverageSchema":"1a1c01bbd47fc00a2c39e90264f33305004495a9","hash":"62171fb7f4c9216d6de49acbbc079390679a15a0"}
,"/home/vishvrt/TypeScript/my-app/src/Components/atoms/current-bar/CurrentBar.tsx": {"path":"/home/vishvrt/TypeScript/my-app/src/Components/atoms/current-bar/CurrentBar.tsx","statementMap":{"0":{"start":{"line":5,"column":19},"end":{"line":13,"column":1}},"1":{"start":{"line":6,"column":18},"end":{"line":6,"column":28}},"2":{"start":{"line":7,"column":2},"end":{"line":12,"column":4}}},"fnMap":{"0":{"name":"(anonymous_0)","decl":{"start":{"line":5,"column":19},"end":{"line":5,"column":20}},"loc":{"start":{"line":5,"column":25},"end":{"line":13,"column":1}},"line":5}},"branchMap":{},"s":{"0":5,"1":13,"2":13},"f":{"0":13},"b":{},"_coverageSchema":"1a1c01bbd47fc00a2c39e90264f33305004495a9","hash":"f5429b2c0d1efd55794047fa36a424ed5b46cd0c"}
,"/home/vishvrt/TypeScript/my-app/src/Components/atoms/current-bar/Currentbar.stories.tsx": {"path":"/home/vishvrt/TypeScript/my-app/src/Components/atoms/current-bar/Currentbar.stories.tsx","statementMap":{"0":{"start":{"line":9,"column":52},"end":{"line":9,"column":72}},"1":{"start":{"line":9,"column":58},"end":{"line":9,"column":72}},"2":{"start":{"line":11,"column":23},"end":{"line":11,"column":40}}},"fnMap":{"0":{"name":"(anonymous_0)","decl":{"start":{"line":9,"column":52},"end":{"line":9,"column":53}},"loc":{"start":{"line":9,"column":58},"end":{"line":9,"column":72}},"line":9}},"branchMap":{},"s":{"0":0,"1":0,"2":0},"f":{"0":0},"b":{}}
,"/home/vishvrt/TypeScript/my-app/src/Components/atoms/explore/Explore.stories.tsx": {"path":"/home/vishvrt/TypeScript/my-app/src/Components/atoms/explore/Explore.stories.tsx","statementMap":{"0":{"start":{"line":9,"column":49},"end":{"line":11,"column":1}},"1":{"start":{"line":10,"column":2},"end":{"line":10,"column":23}},"2":{"start":{"line":13,"column":23},"end":{"line":13,"column":40}},"3":{"start":{"line":15,"column":0},"end":{"line":15,"column":18}}},"fnMap":{"0":{"name":"(anonymous_0)","decl":{"start":{"line":9,"column":49},"end":{"line":9,"column":50}},"loc":{"start":{"line":10,"column":2},"end":{"line":10,"column":23}},"line":10}},"branchMap":{},"s":{"0":0,"1":0,"2":0,"3":0},"f":{"0":0},"b":{}}
,"/home/vishvrt/TypeScript/my-app/src/Components/atoms/explore/Explore.tsx": {"path":"/home/vishvrt/TypeScript/my-app/src/Components/atoms/explore/Explore.tsx","statementMap":{"0":{"start":{"line":13,"column":16},"end":{"line":24,"column":1}},"1":{"start":{"line":14,"column":20},"end":{"line":14,"column":30}},"2":{"start":{"line":15,"column":2},"end":{"line":23,"column":4}},"3":{"start":{"line":19,"column":20},"end":{"line":19,"column":40}}},"fnMap":{"0":{"name":"(anonymous_0)","decl":{"start":{"line":13,"column":16},"end":{"line":13,"column":17}},"loc":{"start":{"line":13,"column":39},"end":{"line":24,"column":1}},"line":13},"1":{"name":"(anonymous_1)","decl":{"start":{"line":19,"column":15},"end":{"line":19,"column":16}},"loc":{"start":{"line":19,"column":19},"end":{"line":19,"column":41}},"line":19}},"branchMap":{"0":{"loc":{"start":{"line":17,"column":17},"end":{"line":17,"column":47}},"type":"cond-expr","locations":[{"start":{"line":17,"column":28},"end":{"line":17,"column":38}},{"start":{"line":17,"column":39},"end":{"line":17,"column":47}}],"line":17}},"s":{"0":4,"1":6,"2":6,"3":1},"f":{"0":6,"1":1},"b":{"0":[4,2]},"_coverageSchema":"1a1c01bbd47fc00a2c39e90264f33305004495a9","hash":"2536d0e3ab019f40fd8813392431f56325b270e6"}
,"/home/vishvrt/TypeScript/my-app/src/Components/atoms/explore-item/Button.stories.tsx": {"path":"/home/vishvrt/TypeScript/my-app/src/Components/atoms/explore-item/Button.stories.tsx","statementMap":{"0":{"start":{"line":9,"column":6},"end":{"line":11,"column":21}},"1":{"start":{"line":16,"column":49},"end":{"line":18,"column":1}},"2":{"start":{"line":17,"column":2},"end":{"line":17,"column":23}},"3":{"start":{"line":20,"column":23},"end":{"line":20,"column":40}},"4":{"start":{"line":22,"column":0},"end":{"line":24,"column":2}}},"fnMap":{"0":{"name":"(anonymous_0)","decl":{"start":{"line":8,"column":4},"end":{"line":8,"column":5}},"loc":{"start":{"line":9,"column":6},"end":{"line":11,"column":21}},"line":9},"1":{"name":"(anonymous_1)","decl":{"start":{"line":16,"column":49},"end":{"line":16,"column":50}},"loc":{"start":{"line":17,"column":2},"end":{"line":17,"column":23}},"line":17}},"branchMap":{},"s":{"0":0,"1":0,"2":0,"3":0,"4":0},"f":{"0":0,"1":0},"b":{}}
,"/home/vishvrt/TypeScript/my-app/src/Components/atoms/explore-item/Buttons.tsx": {"path":"/home/vishvrt/TypeScript/my-app/src/Components/atoms/explore-item/Buttons.tsx","statementMap":{"0":{"start":{"line":12,"column":23},"end":{"line":26,"column":1}},"1":{"start":{"line":13,"column":18},"end":{"line":13,"column":31}},"2":{"start":{"line":14,"column":2},"end":{"line":25,"column":4}},"3":{"start":{"line":20,"column":25},"end":{"line":20,"column":45}}},"fnMap":{"0":{"name":"(anonymous_0)","decl":{"start":{"line":12,"column":23},"end":{"line":12,"column":24}},"loc":{"start":{"line":12,"column":46},"end":{"line":26,"column":1}},"line":12},"1":{"name":"(anonymous_1)","decl":{"start":{"line":20,"column":19},"end":{"line":20,"column":20}},"loc":{"start":{"line":20,"column":25},"end":{"line":20,"column":45}},"line":20}},"branchMap":{},"s":{"0":3,"1":20,"2":20,"3":1},"f":{"0":20,"1":1},"b":{},"_coverageSchema":"1a1c01bbd47fc00a2c39e90264f33305004495a9","hash":"293b5127e1ffe4b9c20ecc45724ad51544084a50"}
,"/home/vishvrt/TypeScript/my-app/src/Components/atoms/finished-bar/FinishedBar.stories.tsx": {"path":"/home/vishvrt/TypeScript/my-app/src/Components/atoms/finished-bar/FinishedBar.stories.tsx","statementMap":{"0":{"start":{"line":9,"column":53},"end":{"line":9,"column":74}},"1":{"start":{"line":9,"column":59},"end":{"line":9,"column":74}},"2":{"start":{"line":11,"column":23},"end":{"line":11,"column":40}}},"fnMap":{"0":{"name":"(anonymous_0)","decl":{"start":{"line":9,"column":53},"end":{"line":9,"column":54}},"loc":{"start":{"line":9,"column":59},"end":{"line":9,"column":74}},"line":9}},"branchMap":{},"s":{"0":0,"1":0,"2":0},"f":{"0":0},"b":{}}
,"/home/vishvrt/TypeScript/my-app/src/Components/atoms/finished-bar/FinishedBar.tsx": {"path":"/home/vishvrt/TypeScript/my-app/src/Components/atoms/finished-bar/FinishedBar.tsx","statementMap":{"0":{"start":{"line":5,"column":20},"end":{"line":10,"column":1}},"1":{"start":{"line":6,"column":18},"end":{"line":6,"column":28}},"2":{"start":{"line":7,"column":2},"end":{"line":9,"column":4}}},"fnMap":{"0":{"name":"(anonymous_0)","decl":{"start":{"line":5,"column":20},"end":{"line":5,"column":21}},"loc":{"start":{"line":5,"column":26},"end":{"line":10,"column":1}},"line":5}},"branchMap":{},"s":{"0":5,"1":4,"2":4},"f":{"0":4},"b":{},"_coverageSchema":"1a1c01bbd47fc00a2c39e90264f33305004495a9","hash":"09eb25898eb23a3772eeae878f25a0357a897d9e"}
,"/home/vishvrt/TypeScript/my-app/src/Components/atoms/finished-button/FinishedButton.stories.tsx": {"path":"/home/vishvrt/TypeScript/my-app/src/Components/atoms/finished-button/FinishedButton.stories.tsx","statementMap":{"0":{"start":{"line":9,"column":56},"end":{"line":11,"column":1}},"1":{"start":{"line":10,"column":2},"end":{"line":10,"column":30}},"2":{"start":{"line":13,"column":23},"end":{"line":13,"column":40}}},"fnMap":{"0":{"name":"(anonymous_0)","decl":{"start":{"line":9,"column":56},"end":{"line":9,"column":57}},"loc":{"start":{"line":10,"column":2},"end":{"line":10,"column":30}},"line":10}},"branchMap":{},"s":{"0":0,"1":0,"2":0},"f":{"0":0},"b":{}}
,"/home/vishvrt/TypeScript/my-app/src/Components/atoms/finished-button/FinishedButton.tsx": {"path":"/home/vishvrt/TypeScript/my-app/src/Components/atoms/finished-button/FinishedButton.tsx","statementMap":{"0":{"start":{"line":10,"column":23},"end":{"line":22,"column":1}},"1":{"start":{"line":11,"column":20},"end":{"line":11,"column":30}},"2":{"start":{"line":12,"column":2},"end":{"line":21,"column":4}},"3":{"start":{"line":16,"column":18},"end":{"line":16,"column":48}}},"fnMap":{"0":{"name":"(anonymous_0)","decl":{"start":{"line":10,"column":23},"end":{"line":10,"column":24}},"loc":{"start":{"line":10,"column":42},"end":{"line":22,"column":1}},"line":10},"1":{"name":"(anonymous_1)","decl":{"start":{"line":16,"column":13},"end":{"line":16,"column":14}},"loc":{"start":{"line":16,"column":17},"end":{"line":16,"column":49}},"line":16}},"branchMap":{},"s":{"0":5,"1":14,"2":14,"3":1},"f":{"0":14,"1":1},"b":{},"_coverageSchema":"1a1c01bbd47fc00a2c39e90264f33305004495a9","hash":"c495b721fddc43227d5fb120aebdf4d2d39aeb7a"}
,"/home/vishvrt/TypeScript/my-app/src/Components/atoms/footer/copyright/FooterCopyRight.stories.tsx": {"path":"/home/vishvrt/TypeScript/my-app/src/Components/atoms/footer/copyright/FooterCopyRight.stories.tsx","statementMap":{"0":{"start":{"line":9,"column":57},"end":{"line":11,"column":1}},"1":{"start":{"line":10,"column":2},"end":{"line":10,"column":21}},"2":{"start":{"line":13,"column":23},"end":{"line":13,"column":40}}},"fnMap":{"0":{"name":"(anonymous_0)","decl":{"start":{"line":9,"column":57},"end":{"line":9,"column":58}},"loc":{"start":{"line":10,"column":2},"end":{"line":10,"column":21}},"line":10}},"branchMap":{},"s":{"0":0,"1":0,"2":0},"f":{"0":0},"b":{}}
,"/home/vishvrt/TypeScript/my-app/src/Components/atoms/footer/copyright/FooterCopyRight.tsx": {"path":"/home/vishvrt/TypeScript/my-app/src/Components/atoms/footer/copyright/FooterCopyRight.tsx","statementMap":{"0":{"start":{"line":5,"column":24},"end":{"line":18,"column":1}},"1":{"start":{"line":6,"column":18},"end":{"line":6,"column":28}},"2":{"start":{"line":7,"column":2},"end":{"line":17,"column":4}}},"fnMap":{"0":{"name":"(anonymous_0)","decl":{"start":{"line":5,"column":24},"end":{"line":5,"column":25}},"loc":{"start":{"line":5,"column":30},"end":{"line":18,"column":1}},"line":5}},"branchMap":{},"s":{"0":3,"1":4,"2":4},"f":{"0":4},"b":{},"_coverageSchema":"1a1c01bbd47fc00a2c39e90264f33305004495a9","hash":"2e8043fd534384d25565733204af42a707c4dd6a"}
,"/home/vishvrt/TypeScript/my-app/src/Components/atoms/footer/footerhighlight/FooterHighlight.stories.tsx": {"path":"/home/vishvrt/TypeScript/my-app/src/Components/atoms/footer/footerhighlight/FooterHighlight.stories.tsx","statementMap":{"0":{"start":{"line":9,"column":57},"end":{"line":11,"column":1}},"1":{"start":{"line":10,"column":2},"end":{"line":10,"column":21}},"2":{"start":{"line":13,"column":23},"end":{"line":13,"column":40}}},"fnMap":{"0":{"name":"(anonymous_0)","decl":{"start":{"line":9,"column":57},"end":{"line":9,"column":58}},"loc":{"start":{"line":10,"column":2},"end":{"line":10,"column":21}},"line":10}},"branchMap":{},"s":{"0":0,"1":0,"2":0},"f":{"0":0},"b":{}}
,"/home/vishvrt/TypeScript/my-app/src/Components/atoms/footer/footerhighlight/FooterHighlight.tsx": {"path":"/home/vishvrt/TypeScript/my-app/src/Components/atoms/footer/footerhighlight/FooterHighlight.tsx","statementMap":{"0":{"start":{"line":5,"column":24},"end":{"line":18,"column":1}},"1":{"start":{"line":6,"column":18},"end":{"line":6,"column":28}},"2":{"start":{"line":7,"column":2},"end":{"line":17,"column":4}}},"fnMap":{"0":{"name":"(anonymous_0)","decl":{"start":{"line":5,"column":24},"end":{"line":5,"column":25}},"loc":{"start":{"line":5,"column":30},"end":{"line":18,"column":1}},"line":5}},"branchMap":{},"s":{"0":4,"1":5,"2":5},"f":{"0":5},"b":{},"_coverageSchema":"1a1c01bbd47fc00a2c39e90264f33305004495a9","hash":"fc66f020a848b3f78505165083ff441d7aa5ed4d"}
,"/home/vishvrt/TypeScript/my-app/src/Components/atoms/footer/navitems/navhead/NavHead.stories.tsx": {"path":"/home/vishvrt/TypeScript/my-app/src/Components/atoms/footer/navitems/navhead/NavHead.stories.tsx","statementMap":{"0":{"start":{"line":9,"column":49},"end":{"line":11,"column":1}},"1":{"start":{"line":10,"column":2},"end":{"line":10,"column":23}},"2":{"start":{"line":13,"column":23},"end":{"line":13,"column":40}},"3":{"start":{"line":15,"column":0},"end":{"line":17,"column":2}}},"fnMap":{"0":{"name":"(anonymous_0)","decl":{"start":{"line":9,"column":49},"end":{"line":9,"column":50}},"loc":{"start":{"line":10,"column":2},"end":{"line":10,"column":23}},"line":10}},"branchMap":{},"s":{"0":0,"1":0,"2":0,"3":0},"f":{"0":0},"b":{}}
,"/home/vishvrt/TypeScript/my-app/src/Components/atoms/footer/navitems/navhead/NavHead.tsx": {"path":"/home/vishvrt/TypeScript/my-app/src/Components/atoms/footer/navitems/navhead/NavHead.tsx","statementMap":{"0":{"start":{"line":9,"column":16},"end":{"line":21,"column":1}},"1":{"start":{"line":10,"column":20},"end":{"line":10,"column":30}},"2":{"start":{"line":11,"column":2},"end":{"line":20,"column":4}}},"fnMap":{"0":{"name":"(anonymous_0)","decl":{"start":{"line":9,"column":16},"end":{"line":9,"column":17}},"loc":{"start":{"line":9,"column":40},"end":{"line":21,"column":1}},"line":9}},"branchMap":{},"s":{"0":6,"1":13,"2":13},"f":{"0":13},"b":{},"_coverageSchema":"1a1c01bbd47fc00a2c39e90264f33305004495a9","hash":"afbcd840d37a8ae7b2a08e33c48a53da6ddfc048"}
,"/home/vishvrt/TypeScript/my-app/src/Components/atoms/footer/navitems/navitem/NavItem.stories.tsx": {"path":"/home/vishvrt/TypeScript/my-app/src/Components/atoms/footer/navitems/navitem/NavItem.stories.tsx","statementMap":{"0":{"start":{"line":9,"column":49},"end":{"line":11,"column":1}},"1":{"start":{"line":10,"column":2},"end":{"line":10,"column":23}},"2":{"start":{"line":13,"column":23},"end":{"line":13,"column":40}},"3":{"start":{"line":15,"column":0},"end":{"line":17,"column":2}}},"fnMap":{"0":{"name":"(anonymous_0)","decl":{"start":{"line":9,"column":49},"end":{"line":9,"column":50}},"loc":{"start":{"line":10,"column":2},"end":{"line":10,"column":23}},"line":10}},"branchMap":{},"s":{"0":0,"1":0,"2":0,"3":0},"f":{"0":0},"b":{}}
,"/home/vishvrt/TypeScript/my-app/src/Components/atoms/footer/navitems/navitem/NavItem.tsx": {"path":"/home/vishvrt/TypeScript/my-app/src/Components/atoms/footer/navitems/navitem/NavItem.tsx","statementMap":{"0":{"start":{"line":7,"column":16},"end":{"line":19,"column":1}},"1":{"start":{"line":8,"column":16},"end":{"line":8,"column":26}},"2":{"start":{"line":9,"column":2},"end":{"line":18,"column":4}}},"fnMap":{"0":{"name":"(anonymous_0)","decl":{"start":{"line":7,"column":16},"end":{"line":7,"column":17}},"loc":{"start":{"line":7,"column":40},"end":{"line":19,"column":1}},"line":7}},"branchMap":{},"s":{"0":6,"1":53,"2":53},"f":{"0":53},"b":{},"_coverageSchema":"1a1c01bbd47fc00a2c39e90264f33305004495a9","hash":"57cf03080e64353b7a68b45fa3f673fe0a42e40a"}
,"/home/vishvrt/TypeScript/my-app/src/Components/atoms/heading/Heading.stories.tsx": {"path":"/home/vishvrt/TypeScript/my-app/src/Components/atoms/heading/Heading.stories.tsx","statementMap":{"0":{"start":{"line":9,"column":49},"end":{"line":9,"column":66}},"1":{"start":{"line":9,"column":55},"end":{"line":9,"column":66}},"2":{"start":{"line":11,"column":23},"end":{"line":11,"column":40}}},"fnMap":{"0":{"name":"(anonymous_0)","decl":{"start":{"line":9,"column":49},"end":{"line":9,"column":50}},"loc":{"start":{"line":9,"column":55},"end":{"line":9,"column":66}},"line":9}},"branchMap":{},"s":{"0":0,"1":0,"2":0},"f":{"0":0},"b":{}}
,"/home/vishvrt/TypeScript/my-app/src/Components/atoms/heading/Heading.tsx": {"path":"/home/vishvrt/TypeScript/my-app/src/Components/atoms/heading/Heading.tsx","statementMap":{"0":{"start":{"line":5,"column":23},"end":{"line":15,"column":1}},"1":{"start":{"line":6,"column":18},"end":{"line":6,"column":31}},"2":{"start":{"line":7,"column":4},"end":{"line":14,"column":6}}},"fnMap":{"0":{"name":"(anonymous_0)","decl":{"start":{"line":5,"column":23},"end":{"line":5,"column":24}},"loc":{"start":{"line":5,"column":29},"end":{"line":15,"column":1}},"line":5}},"branchMap":{},"s":{"0":2,"1":1,"2":1},"f":{"0":1},"b":{},"_coverageSchema":"1a1c01bbd47fc00a2c39e90264f33305004495a9","hash":"706023ee866aa7955e6fff1b2dff5dc5e7782ecc"}
,"/home/vishvrt/TypeScript/my-app/src/Components/atoms/keyideas/KeyIdeas.stories.tsx": {"path":"/home/vishvrt/TypeScript/my-app/src/Components/atoms/keyideas/KeyIdeas.stories.tsx","statementMap":{"0":{"start":{"line":9,"column":50},"end":{"line":9,"column":68}},"1":{"start":{"line":9,"column":56},"end":{"line":9,"column":68}},"2":{"start":{"line":11,"column":23},"end":{"line":11,"column":40}}},"fnMap":{"0":{"name":"(anonymous_0)","decl":{"start":{"line":9,"column":50},"end":{"line":9,"column":51}},"loc":{"start":{"line":9,"column":56},"end":{"line":9,"column":68}},"line":9}},"branchMap":{},"s":{"0":0,"1":0,"2":0},"f":{"0":0},"b":{}}
,"/home/vishvrt/TypeScript/my-app/src/Components/atoms/keyideas/KeyIdeas.tsx": {"path":"/home/vishvrt/TypeScript/my-app/src/Components/atoms/keyideas/KeyIdeas.tsx","statementMap":{"0":{"start":{"line":5,"column":24},"end":{"line":16,"column":1}},"1":{"start":{"line":6,"column":18},"end":{"line":6,"column":31}},"2":{"start":{"line":7,"column":2},"end":{"line":15,"column":4}}},"fnMap":{"0":{"name":"(anonymous_0)","decl":{"start":{"line":5,"column":24},"end":{"line":5,"column":25}},"loc":{"start":{"line":5,"column":30},"end":{"line":16,"column":1}},"line":5}},"branchMap":{},"s":{"0":2,"1":1,"2":1},"f":{"0":1},"b":{},"_coverageSchema":"1a1c01bbd47fc00a2c39e90264f33305004495a9","hash":"0cb164fc37b4a4f898247e7fd259d5bb0cdab2f3"}
,"/home/vishvrt/TypeScript/my-app/src/Components/atoms/mylibrary/mylibrary-heading/MyLibHeading.stories.tsx": {"path":"/home/vishvrt/TypeScript/my-app/src/Components/atoms/mylibrary/mylibrary-heading/MyLibHeading.stories.tsx","statementMap":{"0":{"start":{"line":9,"column":54},"end":{"line":9,"column":76}},"1":{"start":{"line":9,"column":60},"end":{"line":9,"column":76}},"2":{"start":{"line":11,"column":23},"end":{"line":11,"column":40}}},"fnMap":{"0":{"name":"(anonymous_0)","decl":{"start":{"line":9,"column":54},"end":{"line":9,"column":55}},"loc":{"start":{"line":9,"column":60},"end":{"line":9,"column":76}},"line":9}},"branchMap":{},"s":{"0":0,"1":0,"2":0},"f":{"0":0},"b":{}}
,"/home/vishvrt/TypeScript/my-app/src/Components/atoms/mylibrary/mylibrary-heading/MyLibHeading.tsx": {"path":"/home/vishvrt/TypeScript/my-app/src/Components/atoms/mylibrary/mylibrary-heading/MyLibHeading.tsx","statementMap":{"0":{"start":{"line":4,"column":21},"end":{"line":11,"column":1}},"1":{"start":{"line":5,"column":20},"end":{"line":5,"column":30}},"2":{"start":{"line":6,"column":2},"end":{"line":10,"column":4}}},"fnMap":{"0":{"name":"(anonymous_0)","decl":{"start":{"line":4,"column":21},"end":{"line":4,"column":22}},"loc":{"start":{"line":4,"column":27},"end":{"line":11,"column":1}},"line":4}},"branchMap":{},"s":{"0":2,"1":3,"2":3},"f":{"0":3},"b":{},"_coverageSchema":"1a1c01bbd47fc00a2c39e90264f33305004495a9","hash":"8b270f8c7a14727f0704e229d644045f42e634c7"}
,"/home/vishvrt/TypeScript/my-app/src/Components/atoms/mylibrary/mylibrary-text/MyLibrary.stories.tsx": {"path":"/home/vishvrt/TypeScript/my-app/src/Components/atoms/mylibrary/mylibrary-text/MyLibrary.stories.tsx","statementMap":{"0":{"start":{"line":9,"column":51},"end":{"line":9,"column":70}},"1":{"start":{"line":9,"column":57},"end":{"line":9,"column":70}},"2":{"start":{"line":11,"column":23},"end":{"line":11,"column":40}}},"fnMap":{"0":{"name":"(anonymous_0)","decl":{"start":{"line":9,"column":51},"end":{"line":9,"column":52}},"loc":{"start":{"line":9,"column":57},"end":{"line":9,"column":70}},"line":9}},"branchMap":{},"s":{"0":0,"1":0,"2":0},"f":{"0":0},"b":{}}
,"/home/vishvrt/TypeScript/my-app/src/Components/atoms/mylibrary/mylibrary-text/MyLibrary.tsx": {"path":"/home/vishvrt/TypeScript/my-app/src/Components/atoms/mylibrary/mylibrary-text/MyLibrary.tsx","statementMap":{"0":{"start":{"line":6,"column":18},"end":{"line":19,"column":1}},"1":{"start":{"line":7,"column":18},"end":{"line":7,"column":28}},"2":{"start":{"line":8,"column":2},"end":{"line":18,"column":4}}},"fnMap":{"0":{"name":"(anonymous_0)","decl":{"start":{"line":6,"column":18},"end":{"line":6,"column":19}},"loc":{"start":{"line":6,"column":24},"end":{"line":19,"column":1}},"line":6}},"branchMap":{},"s":{"0":4,"1":5,"2":5},"f":{"0":5},"b":{},"_coverageSchema":"1a1c01bbd47fc00a2c39e90264f33305004495a9","hash":"4851dbf503179f455e3e2b289914f94d68659e34"}
,"/home/vishvrt/TypeScript/my-app/src/Components/atoms/nav/nav-down/NavDown.tsx": {"path":"/home/vishvrt/TypeScript/my-app/src/Components/atoms/nav/nav-down/NavDown.tsx","statementMap":{"0":{"start":{"line":3,"column":16},"end":{"line":10,"column":1}},"1":{"start":{"line":4,"column":2},"end":{"line":9,"column":4}}},"fnMap":{"0":{"name":"(anonymous_0)","decl":{"start":{"line":3,"column":16},"end":{"line":3,"column":17}},"loc":{"start":{"line":3,"column":22},"end":{"line":10,"column":1}},"line":3}},"branchMap":{},"s":{"0":7,"1":11},"f":{"0":11},"b":{},"_coverageSchema":"1a1c01bbd47fc00a2c39e90264f33305004495a9","hash":"eb31aa4971d5a72c4ab3389f5f11a3239c43fc42"}
,"/home/vishvrt/TypeScript/my-app/src/Components/atoms/nav/nav-up/NavUp.tsx": {"path":"/home/vishvrt/TypeScript/my-app/src/Components/atoms/nav/nav-up/NavUp.tsx","statementMap":{"0":{"start":{"line":4,"column":14},"end":{"line":11,"column":1}},"1":{"start":{"line":5,"column":2},"end":{"line":10,"column":4}}},"fnMap":{"0":{"name":"(anonymous_0)","decl":{"start":{"line":4,"column":14},"end":{"line":4,"column":15}},"loc":{"start":{"line":4,"column":20},"end":{"line":11,"column":1}},"line":4}},"branchMap":{},"s":{"0":5,"1":3},"f":{"0":3},"b":{},"_coverageSchema":"1a1c01bbd47fc00a2c39e90264f33305004495a9","hash":"acc76916759356c45865da5ded406d460bbdae12"}
,"/home/vishvrt/TypeScript/my-app/src/Components/atoms/readagainbutton/ReadAgainButton.stories.tsx": {"path":"/home/vishvrt/TypeScript/my-app/src/Components/atoms/readagainbutton/ReadAgainButton.stories.tsx","statementMap":{"0":{"start":{"line":9,"column":57},"end":{"line":11,"column":1}},"1":{"start":{"line":10,"column":2},"end":{"line":10,"column":31}},"2":{"start":{"line":13,"column":23},"end":{"line":13,"column":40}}},"fnMap":{"0":{"name":"(anonymous_0)","decl":{"start":{"line":9,"column":57},"end":{"line":9,"column":58}},"loc":{"start":{"line":10,"column":2},"end":{"line":10,"column":31}},"line":10}},"branchMap":{},"s":{"0":0,"1":0,"2":0},"f":{"0":0},"b":{}}
,"/home/vishvrt/TypeScript/my-app/src/Components/atoms/readagainbutton/ReadAgainButton.tsx": {"path":"/home/vishvrt/TypeScript/my-app/src/Components/atoms/readagainbutton/ReadAgainButton.tsx","statementMap":{"0":{"start":{"line":10,"column":24},"end":{"line":21,"column":1}},"1":{"start":{"line":11,"column":20},"end":{"line":11,"column":30}},"2":{"start":{"line":12,"column":2},"end":{"line":20,"column":4}},"3":{"start":{"line":16,"column":18},"end":{"line":16,"column":51}}},"fnMap":{"0":{"name":"(anonymous_0)","decl":{"start":{"line":10,"column":24},"end":{"line":10,"column":25}},"loc":{"start":{"line":10,"column":42},"end":{"line":21,"column":1}},"line":10},"1":{"name":"(anonymous_1)","decl":{"start":{"line":16,"column":13},"end":{"line":16,"column":14}},"loc":{"start":{"line":16,"column":17},"end":{"line":16,"column":52}},"line":16}},"branchMap":{},"s":{"0":5,"1":5,"2":5,"3":1},"f":{"0":5,"1":1},"b":{},"_coverageSchema":"1a1c01bbd47fc00a2c39e90264f33305004495a9","hash":"281069d9a6e46703d7efa9638e5b2a33ea7dfcd9"}
,"/home/vishvrt/TypeScript/my-app/src/Components/atoms/search-icon/SearchIcon.tsx": {"path":"/home/vishvrt/TypeScript/my-app/src/Components/atoms/search-icon/SearchIcon.tsx","statementMap":{"0":{"start":{"line":4,"column":19},"end":{"line":11,"column":1}},"1":{"start":{"line":5,"column":2},"end":{"line":10,"column":4}}},"fnMap":{"0":{"name":"(anonymous_0)","decl":{"start":{"line":4,"column":19},"end":{"line":4,"column":20}},"loc":{"start":{"line":4,"column":25},"end":{"line":11,"column":1}},"line":4}},"branchMap":{},"s":{"0":5,"1":7},"f":{"0":7},"b":{},"_coverageSchema":"1a1c01bbd47fc00a2c39e90264f33305004495a9","hash":"ac71e46a285ad5c01a1efa2839a520d0ccbcb454"}
,"/home/vishvrt/TypeScript/my-app/src/Components/atoms/timer/Timer.tsx": {"path":"/home/vishvrt/TypeScript/my-app/src/Components/atoms/timer/Timer.tsx","statementMap":{"0":{"start":{"line":3,"column":14},"end":{"line":5,"column":1}},"1":{"start":{"line":4,"column":2},"end":{"line":4,"column":66}}},"fnMap":{"0":{"name":"(anonymous_0)","decl":{"start":{"line":3,"column":14},"end":{"line":3,"column":15}},"loc":{"start":{"line":3,"column":20},"end":{"line":5,"column":1}},"line":3}},"branchMap":{},"s":{"0":9,"1":23},"f":{"0":23},"b":{},"_coverageSchema":"1a1c01bbd47fc00a2c39e90264f33305004495a9","hash":"6cd4e9ee2a245b431fe45a45a794a20639bac8a3"}
,"/home/vishvrt/TypeScript/my-app/src/Components/molecules/addtolibrarybutton/AddToLibraryButton.stories.tsx": {"path":"/home/vishvrt/TypeScript/my-app/src/Components/molecules/addtolibrarybutton/AddToLibraryButton.stories.tsx","statementMap":{"0":{"start":{"line":9,"column":6},"end":{"line":11,"column":21}},"1":{"start":{"line":16,"column":60},"end":{"line":18,"column":1}},"2":{"start":{"line":17,"column":2},"end":{"line":17,"column":24}},"3":{"start":{"line":20,"column":23},"end":{"line":20,"column":40}}},"fnMap":{"0":{"name":"(anonymous_0)","decl":{"start":{"line":8,"column":4},"end":{"line":8,"column":5}},"loc":{"start":{"line":9,"column":6},"end":{"line":11,"column":21}},"line":9},"1":{"name":"(anonymous_1)","decl":{"start":{"line":16,"column":60},"end":{"line":16,"column":61}},"loc":{"start":{"line":17,"column":2},"end":{"line":17,"column":24}},"line":17}},"branchMap":{},"s":{"0":0,"1":0,"2":0,"3":0},"f":{"0":0,"1":0},"b":{}}
,"/home/vishvrt/TypeScript/my-app/src/Components/molecules/addtolibrarybutton/AddToLibraryButton.tsx": {"path":"/home/vishvrt/TypeScript/my-app/src/Components/molecules/addtolibrarybutton/AddToLibraryButton.tsx","statementMap":{"0":{"start":{"line":7,"column":34},"end":{"line":20,"column":1}},"1":{"start":{"line":8,"column":18},"end":{"line":8,"column":31}},"2":{"start":{"line":9,"column":2},"end":{"line":19,"column":4}}},"fnMap":{"0":{"name":"(anonymous_0)","decl":{"start":{"line":7,"column":34},"end":{"line":7,"column":35}},"loc":{"start":{"line":7,"column":40},"end":{"line":20,"column":1}},"line":7}},"branchMap":{},"s":{"0":4,"1":6,"2":6},"f":{"0":6},"b":{},"_coverageSchema":"1a1c01bbd47fc00a2c39e90264f33305004495a9","hash":"4f716b94f7ffb81bf722226c80a3b27613adb4e6"}
,"/home/vishvrt/TypeScript/my-app/src/Components/molecules/avatar/AvatarDrop.stories.tsx": {"path":"/home/vishvrt/TypeScript/my-app/src/Components/molecules/avatar/AvatarDrop.stories.tsx","statementMap":{"0":{"start":{"line":8,"column":52},"end":{"line":8,"column":72}},"1":{"start":{"line":8,"column":58},"end":{"line":8,"column":72}},"2":{"start":{"line":10,"column":23},"end":{"line":10,"column":40}}},"fnMap":{"0":{"name":"(anonymous_0)","decl":{"start":{"line":8,"column":52},"end":{"line":8,"column":53}},"loc":{"start":{"line":8,"column":58},"end":{"line":8,"column":72}},"line":8}},"branchMap":{},"s":{"0":0,"1":0,"2":0},"f":{"0":0},"b":{}}
,"/home/vishvrt/TypeScript/my-app/src/Components/molecules/avatar/AvatarDrop.tsx": {"path":"/home/vishvrt/TypeScript/my-app/src/Components/molecules/avatar/AvatarDrop.tsx","statementMap":{"0":{"start":{"line":7,"column":19},"end":{"line":19,"column":1}},"1":{"start":{"line":8,"column":18},"end":{"line":8,"column":28}},"2":{"start":{"line":9,"column":2},"end":{"line":18,"column":4}}},"fnMap":{"0":{"name":"(anonymous_0)","decl":{"start":{"line":7,"column":19},"end":{"line":7,"column":20}},"loc":{"start":{"line":7,"column":25},"end":{"line":19,"column":1}},"line":7}},"branchMap":{},"s":{"0":3,"1":4,"2":4},"f":{"0":4},"b":{},"_coverageSchema":"1a1c01bbd47fc00a2c39e90264f33305004495a9","hash":"bfbf1ffd9fa41f47cb561be5b9e35ab9f418c200"}
,"/home/vishvrt/TypeScript/my-app/src/Components/molecules/banner-items/banner-item/BannerItem.stories.tsx": {"path":"/home/vishvrt/TypeScript/my-app/src/Components/molecules/banner-items/banner-item/BannerItem.stories.tsx","statementMap":{"0":{"start":{"line":9,"column":52},"end":{"line":9,"column":72}},"1":{"start":{"line":9,"column":58},"end":{"line":9,"column":72}},"2":{"start":{"line":11,"column":23},"end":{"line":11,"column":40}}},"fnMap":{"0":{"name":"(anonymous_0)","decl":{"start":{"line":9,"column":52},"end":{"line":9,"column":53}},"loc":{"start":{"line":9,"column":58},"end":{"line":9,"column":72}},"line":9}},"branchMap":{},"s":{"0":0,"1":0,"2":0},"f":{"0":0},"b":{}}
,"/home/vishvrt/TypeScript/my-app/src/Components/molecules/banner-items/banner-item/BannerItem.tsx": {"path":"/home/vishvrt/TypeScript/my-app/src/Components/molecules/banner-items/banner-item/BannerItem.tsx","statementMap":{"0":{"start":{"line":6,"column":26},"end":{"line":13,"column":1}},"1":{"start":{"line":7,"column":2},"end":{"line":12,"column":4}}},"fnMap":{"0":{"name":"(anonymous_0)","decl":{"start":{"line":6,"column":26},"end":{"line":6,"column":27}},"loc":{"start":{"line":6,"column":32},"end":{"line":13,"column":1}},"line":6}},"branchMap":{},"s":{"0":3,"1":2},"f":{"0":2},"b":{},"_coverageSchema":"1a1c01bbd47fc00a2c39e90264f33305004495a9","hash":"a330ad3d6c984577f5fc71b3af6ba2845c1c7256"}
,"/home/vishvrt/TypeScript/my-app/src/Components/molecules/banner-items/mainbanner/MainBanner.stories.tsx": {"path":"/home/vishvrt/TypeScript/my-app/src/Components/molecules/banner-items/mainbanner/MainBanner.stories.tsx","statementMap":{"0":{"start":{"line":9,"column":52},"end":{"line":9,"column":72}},"1":{"start":{"line":9,"column":58},"end":{"line":9,"column":72}},"2":{"start":{"line":11,"column":23},"end":{"line":11,"column":40}}},"fnMap":{"0":{"name":"(anonymous_0)","decl":{"start":{"line":9,"column":52},"end":{"line":9,"column":53}},"loc":{"start":{"line":9,"column":58},"end":{"line":9,"column":72}},"line":9}},"branchMap":{},"s":{"0":0,"1":0,"2":0},"f":{"0":0},"b":{}}
,"/home/vishvrt/TypeScript/my-app/src/Components/molecules/banner-items/mainbanner/MainBanner.tsx": {"path":"/home/vishvrt/TypeScript/my-app/src/Components/molecules/banner-items/mainbanner/MainBanner.tsx","statementMap":{"0":{"start":{"line":7,"column":26},"end":{"line":20,"column":1}},"1":{"start":{"line":8,"column":18},"end":{"line":8,"column":31}},"2":{"start":{"line":9,"column":2},"end":{"line":19,"column":4}}},"fnMap":{"0":{"name":"(anonymous_0)","decl":{"start":{"line":7,"column":26},"end":{"line":7,"column":27}},"loc":{"start":{"line":7,"column":32},"end":{"line":20,"column":1}},"line":7}},"branchMap":{},"s":{"0":2,"1":1,"2":1},"f":{"0":1},"b":{},"_coverageSchema":"1a1c01bbd47fc00a2c39e90264f33305004495a9","hash":"d504a09d523879ca41727a6739bbc4c9425bf748"}
,"/home/vishvrt/TypeScript/my-app/src/Components/molecules/bookdetailstabs/BookDetailsTabs.stories.tsx": {"path":"/home/vishvrt/TypeScript/my-app/src/Components/molecules/bookdetailstabs/BookDetailsTabs.stories.tsx","statementMap":{"0":{"start":{"line":9,"column":57},"end":{"line":11,"column":1}},"1":{"start":{"line":10,"column":2},"end":{"line":10,"column":21}},"2":{"start":{"line":13,"column":23},"end":{"line":13,"column":40}}},"fnMap":{"0":{"name":"(anonymous_0)","decl":{"start":{"line":9,"column":57},"end":{"line":9,"column":58}},"loc":{"start":{"line":10,"column":2},"end":{"line":10,"column":21}},"line":10}},"branchMap":{},"s":{"0":0,"1":0,"2":0},"f":{"0":0},"b":{}}
,"/home/vishvrt/TypeScript/my-app/src/Components/molecules/bookdetailstabs/BookDetailsTabs.tsx": {"path":"/home/vishvrt/TypeScript/my-app/src/Components/molecules/bookdetailstabs/BookDetailsTabs.tsx","statementMap":{"0":{"start":{"line":7,"column":31},"end":{"line":51,"column":1}},"1":{"start":{"line":8,"column":18},"end":{"line":8,"column":31}},"2":{"start":{"line":9,"column":26},"end":{"line":9,"column":41}},"3":{"start":{"line":10,"column":28},"end":{"line":10,"column":41}},"4":{"start":{"line":11,"column":23},"end":{"line":14,"column":3}},"5":{"start":{"line":12,"column":4},"end":{"line":12,"column":23}},"6":{"start":{"line":13,"column":4},"end":{"line":13,"column":19}},"7":{"start":{"line":15,"column":2},"end":{"line":50,"column":4}}},"fnMap":{"0":{"name":"(anonymous_0)","decl":{"start":{"line":7,"column":31},"end":{"line":7,"column":32}},"loc":{"start":{"line":7,"column":37},"end":{"line":51,"column":1}},"line":7},"1":{"name":"(anonymous_1)","decl":{"start":{"line":11,"column":23},"end":{"line":11,"column":24}},"loc":{"start":{"line":11,"column":74},"end":{"line":14,"column":3}},"line":11}},"branchMap":{"0":{"loc":{"start":{"line":27,"column":23},"end":{"line":27,"column":72}},"type":"cond-expr","locations":[{"start":{"line":27,"column":36},"end":{"line":27,"column":53}},{"start":{"line":27,"column":56},"end":{"line":27,"column":72}}],"line":27},"1":{"loc":{"start":{"line":32,"column":23},"end":{"line":32,"column":73}},"type":"cond-expr","locations":[{"start":{"line":32,"column":37},"end":{"line":32,"column":54}},{"start":{"line":32,"column":57},"end":{"line":32,"column":73}}],"line":32},"2":{"loc":{"start":{"line":37,"column":23},"end":{"line":37,"column":73}},"type":"cond-expr","locations":[{"start":{"line":37,"column":37},"end":{"line":37,"column":54}},{"start":{"line":37,"column":57},"end":{"line":37,"column":73}}],"line":37}},"s":{"0":2,"1":1,"2":1,"3":1,"4":1,"5":0,"6":0,"7":1},"f":{"0":1,"1":0},"b":{"0":[0,1],"1":[1,0],"2":[0,1]},"_coverageSchema":"1a1c01bbd47fc00a2c39e90264f33305004495a9","hash":"a3de3282ed47650a59548d11cbba84558f8c6b23"}
,"/home/vishvrt/TypeScript/my-app/src/Components/molecules/card/CardHead.stories.tsx": {"path":"/home/vishvrt/TypeScript/my-app/src/Components/molecules/card/CardHead.stories.tsx","statementMap":{"0":{"start":{"line":9,"column":6},"end":{"line":11,"column":21}},"1":{"start":{"line":16,"column":50},"end":{"line":18,"column":1}},"2":{"start":{"line":17,"column":2},"end":{"line":17,"column":24}},"3":{"start":{"line":20,"column":23},"end":{"line":20,"column":40}}},"fnMap":{"0":{"name":"(anonymous_0)","decl":{"start":{"line":8,"column":4},"end":{"line":8,"column":5}},"loc":{"start":{"line":9,"column":6},"end":{"line":11,"column":21}},"line":9},"1":{"name":"(anonymous_1)","decl":{"start":{"line":16,"column":50},"end":{"line":16,"column":51}},"loc":{"start":{"line":17,"column":2},"end":{"line":17,"column":24}},"line":17}},"branchMap":{},"s":{"0":0,"1":0,"2":0,"3":0},"f":{"0":0,"1":0},"b":{}}
,"/home/vishvrt/TypeScript/my-app/src/Components/molecules/card/CardHead.tsx": {"path":"/home/vishvrt/TypeScript/my-app/src/Components/molecules/card/CardHead.tsx","statementMap":{"0":{"start":{"line":14,"column":17},"end":{"line":39,"column":1}},"1":{"start":{"line":15,"column":18},"end":{"line":15,"column":28}},"2":{"start":{"line":16,"column":2},"end":{"line":38,"column":4}}},"fnMap":{"0":{"name":"(anonymous_0)","decl":{"start":{"line":14,"column":17},"end":{"line":14,"column":18}},"loc":{"start":{"line":14,"column":34},"end":{"line":39,"column":1}},"line":14}},"branchMap":{},"s":{"0":7,"1":21,"2":21},"f":{"0":21},"b":{},"_coverageSchema":"1a1c01bbd47fc00a2c39e90264f33305004495a9","hash":"251f5e48d27b9099315a84dc33b4ae965f2e1d2f"}
,"/home/vishvrt/TypeScript/my-app/src/Components/molecules/explore-items/explore-grid/ExploreMenu.stories.tsx": {"path":"/home/vishvrt/TypeScript/my-app/src/Components/molecules/explore-items/explore-grid/ExploreMenu.stories.tsx","statementMap":{"0":{"start":{"line":11,"column":6},"end":{"line":13,"column":21}},"1":{"start":{"line":18,"column":53},"end":{"line":20,"column":1}},"2":{"start":{"line":19,"column":2},"end":{"line":19,"column":27}},"3":{"start":{"line":22,"column":23},"end":{"line":22,"column":40}}},"fnMap":{"0":{"name":"(anonymous_0)","decl":{"start":{"line":10,"column":4},"end":{"line":10,"column":5}},"loc":{"start":{"line":11,"column":6},"end":{"line":13,"column":21}},"line":11},"1":{"name":"(anonymous_1)","decl":{"start":{"line":18,"column":53},"end":{"line":18,"column":54}},"loc":{"start":{"line":19,"column":2},"end":{"line":19,"column":27}},"line":19}},"branchMap":{},"s":{"0":0,"1":0,"2":0,"3":0},"f":{"0":0,"1":0},"b":{}}
,"/home/vishvrt/TypeScript/my-app/src/Components/molecules/explore-items/explore-grid/ExploreMenu.tsx": {"path":"/home/vishvrt/TypeScript/my-app/src/Components/molecules/explore-items/explore-grid/ExploreMenu.tsx","statementMap":{"0":{"start":{"line":27,"column":13},"end":{"line":46,"column":3}},"1":{"start":{"line":53,"column":29},"end":{"line":84,"column":3}},"2":{"start":{"line":54,"column":14},"end":{"line":54,"column":15}},"3":{"start":{"line":55,"column":22},"end":{"line":57,"column":7}},"4":{"start":{"line":55,"column":39},"end":{"line":57,"column":4}},"5":{"start":{"line":58,"column":20},"end":{"line":58,"column":33}},"6":{"start":{"line":59,"column":4},"end":{"line":83,"column":6}},"7":{"start":{"line":72,"column":16},"end":{"line":74,"column":23}}},"fnMap":{"0":{"name":"(anonymous_0)","decl":{"start":{"line":53,"column":29},"end":{"line":53,"column":30}},"loc":{"start":{"line":53,"column":47},"end":{"line":84,"column":3}},"line":53},"1":{"name":"(anonymous_1)","decl":{"start":{"line":55,"column":31},"end":{"line":55,"column":32}},"loc":{"start":{"line":55,"column":39},"end":{"line":57,"column":4}},"line":55},"2":{"name":"(anonymous_2)","decl":{"start":{"line":71,"column":29},"end":{"line":71,"column":30}},"loc":{"start":{"line":72,"column":16},"end":{"line":74,"column":23}},"line":72}},"branchMap":{},"s":{"0":2,"1":2,"2":1,"3":1,"4":18,"5":1,"6":1,"7":18},"f":{"0":1,"1":18,"2":18},"b":{},"_coverageSchema":"1a1c01bbd47fc00a2c39e90264f33305004495a9","hash":"d37e4f75f1f5e63ee633b43a993df8db79d79600"}
,"/home/vishvrt/TypeScript/my-app/src/Components/molecules/explore-items/explore-grid-head/ExploreMenuHead.stories.tsx": {"path":"/home/vishvrt/TypeScript/my-app/src/Components/molecules/explore-items/explore-grid-head/ExploreMenuHead.stories.tsx","statementMap":{"0":{"start":{"line":11,"column":6},"end":{"line":13,"column":21}},"1":{"start":{"line":18,"column":57},"end":{"line":20,"column":1}},"2":{"start":{"line":19,"column":2},"end":{"line":19,"column":21}},"3":{"start":{"line":22,"column":23},"end":{"line":22,"column":40}}},"fnMap":{"0":{"name":"(anonymous_0)","decl":{"start":{"line":10,"column":4},"end":{"line":10,"column":5}},"loc":{"start":{"line":11,"column":6},"end":{"line":13,"column":21}},"line":11},"1":{"name":"(anonymous_1)","decl":{"start":{"line":18,"column":57},"end":{"line":18,"column":58}},"loc":{"start":{"line":19,"column":2},"end":{"line":19,"column":21}},"line":19}},"branchMap":{},"s":{"0":0,"1":0,"2":0,"3":0},"f":{"0":0,"1":0},"b":{}}
,"/home/vishvrt/TypeScript/my-app/src/Components/molecules/explore-items/explore-grid-head/ExploreMenuHead.tsx": {"path":"/home/vishvrt/TypeScript/my-app/src/Components/molecules/explore-items/explore-grid-head/ExploreMenuHead.tsx","statementMap":{"0":{"start":{"line":5,"column":31},"end":{"line":28,"column":1}},"1":{"start":{"line":6,"column":18},"end":{"line":6,"column":31}},"2":{"start":{"line":7,"column":2},"end":{"line":27,"column":4}}},"fnMap":{"0":{"name":"(anonymous_0)","decl":{"start":{"line":5,"column":31},"end":{"line":5,"column":32}},"loc":{"start":{"line":5,"column":37},"end":{"line":28,"column":1}},"line":5}},"branchMap":{},"s":{"0":3,"1":2,"2":2},"f":{"0":2},"b":{},"_coverageSchema":"1a1c01bbd47fc00a2c39e90264f33305004495a9","hash":"ba38a08599ab615263f6c3dd624dc42642637911"}
,"/home/vishvrt/TypeScript/my-app/src/Components/molecules/footer/footer-highlight/BlinkHighlight.tsx": {"path":"/home/vishvrt/TypeScript/my-app/src/Components/molecules/footer/footer-highlight/BlinkHighlight.tsx","statementMap":{"0":{"start":{"line":7,"column":23},"end":{"line":25,"column":1}},"1":{"start":{"line":8,"column":18},"end":{"line":8,"column":28}},"2":{"start":{"line":9,"column":2},"end":{"line":24,"column":4}}},"fnMap":{"0":{"name":"(anonymous_0)","decl":{"start":{"line":7,"column":23},"end":{"line":7,"column":24}},"loc":{"start":{"line":7,"column":29},"end":{"line":25,"column":1}},"line":7}},"branchMap":{},"s":{"0":3,"1":4,"2":4},"f":{"0":4},"b":{},"_coverageSchema":"1a1c01bbd47fc00a2c39e90264f33305004495a9","hash":"db94609b66e6cc316b287ebb91f0c83d4c55a46b"}
,"/home/vishvrt/TypeScript/my-app/src/Components/molecules/footer/footer-main/FooterMain.stories.tsx": {"path":"/home/vishvrt/TypeScript/my-app/src/Components/molecules/footer/footer-main/FooterMain.stories.tsx","statementMap":{"0":{"start":{"line":9,"column":6},"end":{"line":11,"column":21}},"1":{"start":{"line":16,"column":52},"end":{"line":16,"column":72}},"2":{"start":{"line":16,"column":58},"end":{"line":16,"column":72}},"3":{"start":{"line":18,"column":23},"end":{"line":18,"column":40}},"4":{"start":{"line":20,"column":0},"end":{"line":20,"column":18}}},"fnMap":{"0":{"name":"(anonymous_0)","decl":{"start":{"line":8,"column":4},"end":{"line":8,"column":5}},"loc":{"start":{"line":9,"column":6},"end":{"line":11,"column":21}},"line":9},"1":{"name":"(anonymous_1)","decl":{"start":{"line":16,"column":52},"end":{"line":16,"column":53}},"loc":{"start":{"line":16,"column":58},"end":{"line":16,"column":72}},"line":16}},"branchMap":{},"s":{"0":0,"1":0,"2":0,"3":0,"4":0},"f":{"0":0,"1":0},"b":{}}
,"/home/vishvrt/TypeScript/my-app/src/Components/molecules/footer/footer-main/FooterMain.tsx": {"path":"/home/vishvrt/TypeScript/my-app/src/Components/molecules/footer/footer-main/FooterMain.tsx","statementMap":{"0":{"start":{"line":10,"column":19},"end":{"line":45,"column":1}},"1":{"start":{"line":11,"column":18},"end":{"line":11,"column":28}},"2":{"start":{"line":12,"column":2},"end":{"line":44,"column":4}}},"fnMap":{"0":{"name":"(anonymous_0)","decl":{"start":{"line":10,"column":19},"end":{"line":10,"column":20}},"loc":{"start":{"line":10,"column":25},"end":{"line":45,"column":1}},"line":10}},"branchMap":{},"s":{"0":2,"1":5,"2":3},"f":{"0":5},"b":{},"_coverageSchema":"1a1c01bbd47fc00a2c39e90264f33305004495a9","hash":"d1f88d8232a7611891e69f13403949cedd0dd6ca"}
,"/home/vishvrt/TypeScript/my-app/src/Components/molecules/footer/footer-navlist/FooterNavListOne.stories.tsx": {"path":"/home/vishvrt/TypeScript/my-app/src/Components/molecules/footer/footer-navlist/FooterNavListOne.stories.tsx","statementMap":{"0":{"start":{"line":9,"column":60},"end":{"line":11,"column":1}},"1":{"start":{"line":10,"column":2},"end":{"line":10,"column":24}},"2":{"start":{"line":13,"column":23},"end":{"line":13,"column":40}},"3":{"start":{"line":15,"column":0},"end":{"line":15,"column":18}}},"fnMap":{"0":{"name":"(anonymous_0)","decl":{"start":{"line":9,"column":60},"end":{"line":9,"column":61}},"loc":{"start":{"line":10,"column":2},"end":{"line":10,"column":24}},"line":10}},"branchMap":{},"s":{"0":0,"1":0,"2":0,"3":0},"f":{"0":0},"b":{}}
,"/home/vishvrt/TypeScript/my-app/src/Components/molecules/footer/footer-navlist/FooterNavListOne.tsx": {"path":"/home/vishvrt/TypeScript/my-app/src/Components/molecules/footer/footer-navlist/FooterNavListOne.tsx","statementMap":{"0":{"start":{"line":6,"column":13},"end":{"line":11,"column":1}},"1":{"start":{"line":12,"column":25},"end":{"line":25,"column":1}},"2":{"start":{"line":13,"column":2},"end":{"line":24,"column":4}},"3":{"start":{"line":19,"column":8},"end":{"line":21,"column":15}}},"fnMap":{"0":{"name":"(anonymous_0)","decl":{"start":{"line":12,"column":25},"end":{"line":12,"column":26}},"loc":{"start":{"line":12,"column":31},"end":{"line":25,"column":1}},"line":12},"1":{"name":"(anonymous_1)","decl":{"start":{"line":18,"column":16},"end":{"line":18,"column":17}},"loc":{"start":{"line":19,"column":8},"end":{"line":21,"column":15}},"line":19}},"branchMap":{},"s":{"0":3,"1":3,"2":7,"3":28},"f":{"0":7,"1":28},"b":{},"_coverageSchema":"1a1c01bbd47fc00a2c39e90264f33305004495a9","hash":"32e3f54ac22d5e256a88adc132db3a8addf9b928"}
,"/home/vishvrt/TypeScript/my-app/src/Components/molecules/footer/footer-navlist/FooterNavListThree.stories.tsx": {"path":"/home/vishvrt/TypeScript/my-app/src/Components/molecules/footer/footer-navlist/FooterNavListThree.stories.tsx","statementMap":{"0":{"start":{"line":9,"column":58},"end":{"line":11,"column":1}},"1":{"start":{"line":10,"column":2},"end":{"line":10,"column":22}},"2":{"start":{"line":13,"column":23},"end":{"line":13,"column":40}},"3":{"start":{"line":15,"column":0},"end":{"line":15,"column":18}}},"fnMap":{"0":{"name":"(anonymous_0)","decl":{"start":{"line":9,"column":58},"end":{"line":9,"column":59}},"loc":{"start":{"line":10,"column":2},"end":{"line":10,"column":22}},"line":10}},"branchMap":{},"s":{"0":0,"1":0,"2":0,"3":0},"f":{"0":0},"b":{}}
,"/home/vishvrt/TypeScript/my-app/src/Components/molecules/footer/footer-navlist/FooterNavListThree.tsx": {"path":"/home/vishvrt/TypeScript/my-app/src/Components/molecules/footer/footer-navlist/FooterNavListThree.tsx","statementMap":{"0":{"start":{"line":7,"column":11},"end":{"line":7,"column":59}},"1":{"start":{"line":8,"column":27},"end":{"line":23,"column":1}},"2":{"start":{"line":9,"column":2},"end":{"line":22,"column":4}},"3":{"start":{"line":16,"column":12},"end":{"line":18,"column":19}}},"fnMap":{"0":{"name":"(anonymous_0)","decl":{"start":{"line":8,"column":27},"end":{"line":8,"column":28}},"loc":{"start":{"line":8,"column":33},"end":{"line":23,"column":1}},"line":8},"1":{"name":"(anonymous_1)","decl":{"start":{"line":15,"column":17},"end":{"line":15,"column":18}},"loc":{"start":{"line":16,"column":12},"end":{"line":18,"column":19}},"line":16}},"branchMap":{},"s":{"0":3,"1":3,"2":7,"3":28},"f":{"0":7,"1":28},"b":{},"_coverageSchema":"1a1c01bbd47fc00a2c39e90264f33305004495a9","hash":"7d0da4238dbc68b71841fca859b0891c7bb4a859"}
,"/home/vishvrt/TypeScript/my-app/src/Components/molecules/footer/footer-navlist/FooterNavListTwo.stories.tsx": {"path":"/home/vishvrt/TypeScript/my-app/src/Components/molecules/footer/footer-navlist/FooterNavListTwo.stories.tsx","statementMap":{"0":{"start":{"line":9,"column":58},"end":{"line":11,"column":1}},"1":{"start":{"line":10,"column":2},"end":{"line":10,"column":22}},"2":{"start":{"line":13,"column":23},"end":{"line":13,"column":40}},"3":{"start":{"line":15,"column":0},"end":{"line":15,"column":18}}},"fnMap":{"0":{"name":"(anonymous_0)","decl":{"start":{"line":9,"column":58},"end":{"line":9,"column":59}},"loc":{"start":{"line":10,"column":2},"end":{"line":10,"column":22}},"line":10}},"branchMap":{},"s":{"0":0,"1":0,"2":0,"3":0},"f":{"0":0},"b":{}}
,"/home/vishvrt/TypeScript/my-app/src/Components/molecules/footer/footer-navlist/FooterNavListTwo.tsx": {"path":"/home/vishvrt/TypeScript/my-app/src/Components/molecules/footer/footer-navlist/FooterNavListTwo.tsx","statementMap":{"0":{"start":{"line":5,"column":13},"end":{"line":11,"column":1}},"1":{"start":{"line":12,"column":25},"end":{"line":25,"column":1}},"2":{"start":{"line":13,"column":2},"end":{"line":24,"column":4}},"3":{"start":{"line":19,"column":8},"end":{"line":21,"column":15}}},"fnMap":{"0":{"name":"(anonymous_0)","decl":{"start":{"line":12,"column":25},"end":{"line":12,"column":26}},"loc":{"start":{"line":12,"column":31},"end":{"line":25,"column":1}},"line":12},"1":{"name":"(anonymous_1)","decl":{"start":{"line":18,"column":16},"end":{"line":18,"column":17}},"loc":{"start":{"line":19,"column":8},"end":{"line":21,"column":15}},"line":19}},"branchMap":{},"s":{"0":3,"1":3,"2":7,"3":35},"f":{"0":7,"1":35},"b":{},"_coverageSchema":"1a1c01bbd47fc00a2c39e90264f33305004495a9","hash":"09a633f0078abac70885076db82dbac565e094af"}
,"/home/vishvrt/TypeScript/my-app/src/Components/molecules/read-time/ReadTime.stories.tsx": {"path":"/home/vishvrt/TypeScript/my-app/src/Components/molecules/read-time/ReadTime.stories.tsx","statementMap":{"0":{"start":{"line":9,"column":50},"end":{"line":11,"column":1}},"1":{"start":{"line":10,"column":2},"end":{"line":10,"column":24}},"2":{"start":{"line":13,"column":23},"end":{"line":13,"column":40}},"3":{"start":{"line":14,"column":0},"end":{"line":16,"column":2}}},"fnMap":{"0":{"name":"(anonymous_0)","decl":{"start":{"line":9,"column":50},"end":{"line":9,"column":51}},"loc":{"start":{"line":10,"column":2},"end":{"line":10,"column":24}},"line":10}},"branchMap":{},"s":{"0":0,"1":0,"2":0,"3":0},"f":{"0":0},"b":{}}
,"/home/vishvrt/TypeScript/my-app/src/Components/molecules/read-time/ReadTime.tsx": {"path":"/home/vishvrt/TypeScript/my-app/src/Components/molecules/read-time/ReadTime.tsx","statementMap":{"0":{"start":{"line":9,"column":17},"end":{"line":21,"column":1}},"1":{"start":{"line":10,"column":20},"end":{"line":10,"column":30}},"2":{"start":{"line":11,"column":2},"end":{"line":20,"column":4}}},"fnMap":{"0":{"name":"(anonymous_0)","decl":{"start":{"line":9,"column":17},"end":{"line":9,"column":18}},"loc":{"start":{"line":9,"column":37},"end":{"line":21,"column":1}},"line":9}},"branchMap":{},"s":{"0":8,"1":22,"2":22},"f":{"0":22},"b":{},"_coverageSchema":"1a1c01bbd47fc00a2c39e90264f33305004495a9","hash":"82a38fa64842c0a38d3a9d41cfd5fa8cbe22e27e"}
,"/home/vishvrt/TypeScript/my-app/src/Components/organisms/bookdetailsgrid/BookDetailsGrid.tsx": {"path":"/home/vishvrt/TypeScript/my-app/src/Components/organisms/bookdetailsgrid/BookDetailsGrid.tsx","statementMap":{"0":{"start":{"line":19,"column":31},"end":{"line":72,"column":1}},"1":{"start":{"line":20,"column":18},"end":{"line":20,"column":31}},"2":{"start":{"line":21,"column":2},"end":{"line":71,"column":4}}},"fnMap":{"0":{"name":"(anonymous_0)","decl":{"start":{"line":19,"column":31},"end":{"line":19,"column":32}},"loc":{"start":{"line":19,"column":49},"end":{"line":72,"column":1}},"line":19}},"branchMap":{},"s":{"0":1,"1":0,"2":0},"f":{"0":0},"b":{},"_coverageSchema":"1a1c01bbd47fc00a2c39e90264f33305004495a9","hash":"240884966d95dd5c6ca5519dfae2fc8fe22309a7"}
,"/home/vishvrt/TypeScript/my-app/src/Components/organisms/cards/card-add/CardAdd.stories.tsx": {"path":"/home/vishvrt/TypeScript/my-app/src/Components/organisms/cards/card-add/CardAdd.stories.tsx","statementMap":{"0":{"start":{"line":13,"column":6},"end":{"line":15,"column":21}},"1":{"start":{"line":20,"column":49},"end":{"line":22,"column":1}},"2":{"start":{"line":21,"column":2},"end":{"line":21,"column":23}},"3":{"start":{"line":24,"column":23},"end":{"line":24,"column":40}},"4":{"start":{"line":26,"column":0},"end":{"line":35,"column":2}}},"fnMap":{"0":{"name":"(anonymous_0)","decl":{"start":{"line":12,"column":4},"end":{"line":12,"column":5}},"loc":{"start":{"line":13,"column":6},"end":{"line":15,"column":21}},"line":13},"1":{"name":"(anonymous_1)","decl":{"start":{"line":20,"column":49},"end":{"line":20,"column":50}},"loc":{"start":{"line":21,"column":2},"end":{"line":21,"column":23}},"line":21}},"branchMap":{},"s":{"0":0,"1":0,"2":0,"3":0,"4":0},"f":{"0":0,"1":0},"b":{}}
,"/home/vishvrt/TypeScript/my-app/src/Components/organisms/cards/card-add/CardAdd.tsx": {"path":"/home/vishvrt/TypeScript/my-app/src/Components/organisms/cards/card-add/CardAdd.tsx","statementMap":{"0":{"start":{"line":16,"column":23},"end":{"line":48,"column":1}},"1":{"start":{"line":17,"column":18},"end":{"line":17,"column":31}},"2":{"start":{"line":18,"column":20},"end":{"line":36,"column":4}},"3":{"start":{"line":19,"column":4},"end":{"line":35,"column":11}},"4":{"start":{"line":37,"column":2},"end":{"line":47,"column":4}}},"fnMap":{"0":{"name":"(anonymous_0)","decl":{"start":{"line":16,"column":23},"end":{"line":16,"column":24}},"loc":{"start":{"line":16,"column":39},"end":{"line":48,"column":1}},"line":16},"1":{"name":"(anonymous_1)","decl":{"start":{"line":18,"column":38},"end":{"line":18,"column":39}},"loc":{"start":{"line":19,"column":4},"end":{"line":35,"column":11}},"line":19}},"branchMap":{},"s":{"0":3,"1":4,"2":2,"3":5,"4":2},"f":{"0":4,"1":5},"b":{},"_coverageSchema":"1a1c01bbd47fc00a2c39e90264f33305004495a9","hash":"38a0fcb081a79b5d3bdf0ca1abf1ed63f28572c9"}
,"/home/vishvrt/TypeScript/my-app/src/Components/organisms/cards/card-mui/CardMui.stories.tsx": {"path":"/home/vishvrt/TypeScript/my-app/src/Components/organisms/cards/card-mui/CardMui.stories.tsx","statementMap":{"0":{"start":{"line":11,"column":49},"end":{"line":13,"column":1}},"1":{"start":{"line":12,"column":2},"end":{"line":12,"column":23}},"2":{"start":{"line":15,"column":23},"end":{"line":15,"column":40}},"3":{"start":{"line":17,"column":0},"end":{"line":27,"column":2}}},"fnMap":{"0":{"name":"(anonymous_0)","decl":{"start":{"line":11,"column":49},"end":{"line":11,"column":50}},"loc":{"start":{"line":12,"column":2},"end":{"line":12,"column":23}},"line":12}},"branchMap":{},"s":{"0":0,"1":0,"2":0,"3":0},"f":{"0":0},"b":{}}
[...]
,"/home/vishvrt/TypeScript/my-app/src/Components/organisms/header/header-left/HeaderLeft.stories.tsx": {"path":"/home/vishvrt/TypeScript/my-app/src/Components/organisms/header/header-left/HeaderLeft.stories.tsx","statementMap":{"0":{"start":{"line":10,"column":6},"end":{"line":12,"column":21}},"1":{"start":{"line":17,"column":52},"end":{"line":19,"column":1}},"2":{"start":{"line":18,"column":2},"end":{"line":18,"column":26}},"3":{"start":{"line":21,"column":23},"end":{"line":21,"column":40}},"4":{"start":{"line":23,"column":0},"end":{"line":25,"column":2}}},"fnMap":{"0":{"name":"(anonymous_0)","decl":{"start":{"line":9,"column":4},"end":{"line":9,"column":5}},"loc":{"start":{"line":10,"column":6},"end":{"line":12,"column":21}},"line":10},"1":{"name":"(anonymous_1)","decl":{"start":{"line":17,"column":52},"end":{"line":17,"column":53}},"loc":{"start":{"line":18,"column":2},"end":{"line":18,"column":26}},"line":18}},"branchMap":{},"s":{"0":0,"1":0,"2":0,"3":0,"4":0},"f":{"0":0,"1":0},"b":{}}
,"/home/vishvrt/TypeScript/my-app/src/Components/organisms/header/header-left/HeaderLeft.tsx": {"path":"/home/vishvrt/TypeScript/my-app/src/Components/organisms/header/header-left/HeaderLeft.tsx","statementMap":{"0":{"start":{"line":14,"column":19},"end":{"line":36,"column":1}},"1":{"start":{"line":15,"column":18},"end":{"line":15,"column":28}},"2":{"start":{"line":16,"column":2},"end":{"line":35,"column":4}}},"fnMap":{"0":{"name":"(anonymous_0)","decl":{"start":{"line":14,"column":19},"end":{"line":14,"column":20}},"loc":{"start":{"line":14,"column":38},"end":{"line":36,"column":1}},"line":14}},"branchMap":{},"s":{"0":3,"1":4,"2":4},"f":{"0":4},"b":{},"_coverageSchema":"1a1c01bbd47fc00a2c39e90264f33305004495a9","hash":"ead6689b5034a4afa6e8d451a6af4cea71c097ea"}
,"/home/vishvrt/TypeScript/my-app/src/Components/organisms/header/toolbar-header/ToolBarHeader.stories.tsx": {"path":"/home/vishvrt/TypeScript/my-app/src/Components/organisms/header/toolbar-header/ToolBarHeader.stories.tsx","statementMap":{"0":{"start":{"line":10,"column":6},"end":{"line":12,"column":21}},"1":{"start":{"line":17,"column":55},"end":{"line":19,"column":1}},"2":{"start":{"line":18,"column":2},"end":{"line":18,"column":29}},"3":{"start":{"line":21,"column":23},"end":{"line":21,"column":40}},"4":{"start":{"line":23,"column":0},"end":{"line":25,"column":2}}},"fnMap":{"0":{"name":"(anonymous_0)","decl":{"start":{"line":9,"column":4},"end":{"line":9,"column":5}},"loc":{"start":{"line":10,"column":6},"end":{"line":12,"column":21}},"line":10},"1":{"name":"(anonymous_1)","decl":{"start":{"line":17,"column":55},"end":{"line":17,"column":56}},"loc":{"start":{"line":18,"column":2},"end":{"line":18,"column":29}},"line":18}},"branchMap":{},"s":{"0":0,"1":0,"2":0,"3":0,"4":0},"f":{"0":0,"1":0},"b":{}}
,"/home/vishvrt/TypeScript/my-app/src/Components/organisms/header/toolbar-header/ToolBarHeader.tsx": {"path":"/home/vishvrt/TypeScript/my-app/src/Components/organisms/header/toolbar-header/ToolBarHeader.tsx","statementMap":{"0":{"start":{"line":11,"column":22},"end":{"line":29,"column":1}},"1":{"start":{"line":12,"column":2},"end":{"line":28,"column":4}}},"fnMap":{"0":{"name":"(anonymous_0)","decl":{"start":{"line":11,"column":22},"end":{"line":11,"column":23}},"loc":{"start":{"line":11,"column":53},"end":{"line":29,"column":1}},"line":11}},"branchMap":{},"s":{"0":2,"1":3},"f":{"0":3},"b":{},"_coverageSchema":"1a1c01bbd47fc00a2c39e90264f33305004495a9","hash":"909d851d6ab875c9210eb51534c46479d9ccef62"}
,"/home/vishvrt/TypeScript/my-app/src/Components/organisms/main/MainSearch.stories.tsx": {"path":"/home/vishvrt/TypeScript/my-app/src/Components/organisms/main/MainSearch.stories.tsx","statementMap":{"0":{"start":{"line":10,"column":52},"end":{"line":12,"column":1}},"1":{"start":{"line":11,"column":2},"end":{"line":11,"column":26}},"2":{"start":{"line":14,"column":23},"end":{"line":14,"column":40}}},"fnMap":{"0":{"name":"(anonymous_0)","decl":{"start":{"line":10,"column":52},"end":{"line":10,"column":53}},"loc":{"start":{"line":11,"column":2},"end":{"line":11,"column":26}},"line":11}},"branchMap":{},"s":{"0":0,"1":0,"2":0},"f":{"0":0},"b":{}}
,"/home/vishvrt/TypeScript/my-app/src/Components/organisms/main/MainSearch.tsx": {"path":"/home/vishvrt/TypeScript/my-app/src/Components/organisms/main/MainSearch.tsx","statementMap":{"0":{"start":{"line":10,"column":26},"end":{"line":30,"column":1}},"1":{"start":{"line":11,"column":18},"end":{"line":11,"column":31}},"2":{"start":{"line":12,"column":2},"end":{"line":29,"column":4}},"3":{"start":{"line":26,"column":8},"end":{"line":26,"column":51}}},"fnMap":{"0":{"name":"(anonymous_0)","decl":{"start":{"line":10,"column":26},"end":{"line":10,"column":27}},"loc":{"start":{"line":10,"column":45},"end":{"line":30,"column":1}},"line":10},"1":{"name":"(anonymous_1)","decl":{"start":{"line":25,"column":16},"end":{"line":25,"column":17}},"loc":{"start":{"line":25,"column":23},"end":{"line":27,"column":7}},"line":25}},"branchMap":{},"s":{"0":2,"1":2,"2":2,"3":0},"f":{"0":2,"1":0},"b":{},"_coverageSchema":"1a1c01bbd47fc00a2c39e90264f33305004495a9","hash":"fbc9188eda07bfc5868e32fd790a7292fdd9f268"}
,"/home/vishvrt/TypeScript/my-app/src/Components/organisms/tabs/ReadingTabs.stories.tsx": {"path":"/home/vishvrt/TypeScript/my-app/src/Components/organisms/tabs/ReadingTabs.stories.tsx","statementMap":{"0":{"start":{"line":12,"column":53},"end":{"line":14,"column":1}},"1":{"start":{"line":13,"column":2},"end":{"line":13,"column":27}},"2":{"start":{"line":16,"column":23},"end":{"line":16,"column":40}},"3":{"start":{"line":18,"column":0},"end":{"line":37,"column":2}}},"fnMap":{"0":{"name":"(anonymous_0)","decl":{"start":{"line":12,"column":53},"end":{"line":12,"column":54}},"loc":{"start":{"line":13,"column":2},"end":{"line":13,"column":27}},"line":13}},"branchMap":{},"s":{"0":0,"1":0,"2":0,"3":0},"f":{"0":0},"b":{}}
,"/home/vishvrt/TypeScript/my-app/src/Components/organisms/tabs/ReadingTabs.tsx": {"path":"/home/vishvrt/TypeScript/my-app/src/Components/organisms/tabs/ReadingTabs.tsx","statementMap":{"0":{"start":{"line":31,"column":20},"end":{"line":77,"column":1}},"1":{"start":{"line":32,"column":18},"end":{"line":32,"column":28}},"2":{"start":{"line":33,"column":28},"end":{"line":33,"column":41}},"3":{"start":{"line":34,"column":26},"end":{"line":34,"column":41}},"4":{"start":{"line":36,"column":21},"end":{"line":40,"column":3}},"5":{"start":{"line":37,"column":4},"end":{"line":37,"column":26}},"6":{"start":{"line":38,"column":4},"end":{"line":38,"column":23}},"7":{"start":{"line":39,"column":4},"end":{"line":39,"column":19}},"8":{"start":{"line":41,"column":2},"end":{"line":76,"column":4}}},"fnMap":{"0":{"name":"(anonymous_0)","decl":{"start":{"line":31,"column":20},"end":{"line":31,"column":21}},"loc":{"start":{"line":31,"column":39},"end":{"line":77,"column":1}},"line":31},"1":{"name":"(anonymous_1)","decl":{"start":{"line":36,"column":21},"end":{"line":36,"column":22}},"loc":{"start":{"line":36,"column":72},"end":{"line":40,"column":3}},"line":36}},"branchMap":{"0":{"loc":{"start":{"line":53,"column":23},"end":{"line":53,"column":76}},"type":"cond-expr","locations":[{"start":{"line":53,"column":40},"end":{"line":53,"column":57}},{"start":{"line":53,"column":60},"end":{"line":53,"column":76}}],"line":53},"1":{"loc":{"start":{"line":58,"column":23},"end":{"line":58,"column":75}},"type":"cond-expr","locations":[{"start":{"line":58,"column":39},"end":{"line":58,"column":56}},{"start":{"line":58,"column":59},"end":{"line":58,"column":75}}],"line":58}},"s":{"0":2,"1":3,"2":3,"3":3,"4":3,"5":0,"6":0,"7":0,"8":3},"f":{"0":3,"1":0},"b":{"0":[3,0],"1":[0,3]},"_coverageSchema":"1a1c01bbd47fc00a2c39e90264f33305004495a9","hash":"0f38eef755735a98108901a945664a80c75ec1d4"}
,"/home/vishvrt/TypeScript/my-app/src/Components/templates/enterprenur-book/EnterprenurReading.tsx": {"path":"/home/vishvrt/TypeScript/my-app/src/Components/templates/enterprenur-book/EnterprenurReading.tsx","statementMap":{"0":{"start":{"line":10,"column":21},"end":{"line":47,"column":1}},"1":{"start":{"line":53,"column":34},"end":{"line":64,"column":1}},"2":{"start":{"line":54,"column":20},"end":{"line":56,"column":3}},"3":{"start":{"line":55,"column":11},"end":{"line":55,"column":57}},"4":{"start":{"line":57,"column":2},"end":{"line":63,"column":4}}},"fnMap":{"0":{"name":"(anonymous_0)","decl":{"start":{"line":53,"column":34},"end":{"line":53,"column":35}},"loc":{"start":{"line":53,"column":53},"end":{"line":64,"column":1}},"line":53},"1":{"name":"(anonymous_1)","decl":{"start":{"line":55,"column":4},"end":{"line":55,"column":5}},"loc":{"start":{"line":55,"column":11},"end":{"line":55,"column":57}},"line":55}},"branchMap":{},"s":{"0":2,"1":2,"2":2,"3":7,"4":1},"f":{"0":2,"1":7},"b":{},"_coverageSchema":"1a1c01bbd47fc00a2c39e90264f33305004495a9","hash":"077d370bf194f85550f997971ea52e1149889a5d"}
,"/home/vishvrt/TypeScript/my-app/src/Components/templates/enterprenur-book/EntreprenurReading.stories.tsx": {"path":"/home/vishvrt/TypeScript/my-app/src/Components/templates/enterprenur-book/EntreprenurReading.stories.tsx","statementMap":{"0":{"start":{"line":12,"column":6},"end":{"line":14,"column":21}},"1":{"start":{"line":19,"column":60},"end":{"line":21,"column":1}},"2":{"start":{"line":20,"column":2},"end":{"line":20,"column":34}},"3":{"start":{"line":23,"column":23},"end":{"line":23,"column":40}},"4":{"start":{"line":25,"column":0},"end":{"line":27,"column":2}}},"fnMap":{"0":{"name":"(anonymous_0)","decl":{"start":{"line":11,"column":4},"end":{"line":11,"column":5}},"loc":{"start":{"line":12,"column":6},"end":{"line":14,"column":21}},"line":12},"1":{"name":"(anonymous_1)","decl":{"start":{"line":19,"column":60},"end":{"line":19,"column":61}},"loc":{"start":{"line":20,"column":2},"end":{"line":20,"column":34}},"line":20}},"branchMap":{},"s":{"0":0,"1":0,"2":0,"3":0,"4":0},"f":{"0":0,"1":0},"b":{}}
,"/home/vishvrt/TypeScript/my-app/src/Components/templates/finished-books/MainFinished.stories.tsx": {"path":"/home/vishvrt/TypeScript/my-app/src/Components/templates/finished-books/MainFinished.stories.tsx","statementMap":{"0":{"start":{"line":12,"column":6},"end":{"line":14,"column":21}},"1":{"start":{"line":19,"column":54},"end":{"line":21,"column":1}},"2":{"start":{"line":20,"column":2},"end":{"line":20,"column":28}},"3":{"start":{"line":22,"column":23},"end":{"line":22,"column":40}},"4":{"start":{"line":24,"column":0},"end":{"line":34,"column":2}}},"fnMap":{"0":{"name":"(anonymous_0)","decl":{"start":{"line":11,"column":4},"end":{"line":11,"column":5}},"loc":{"start":{"line":12,"column":6},"end":{"line":14,"column":21}},"line":12},"1":{"name":"(anonymous_1)","decl":{"start":{"line":19,"column":54},"end":{"line":19,"column":55}},"loc":{"start":{"line":20,"column":2},"end":{"line":20,"column":28}},"line":20}},"branchMap":{},"s":{"0":0,"1":0,"2":0,"3":0,"4":0},"f":{"0":0,"1":0},"b":{}}
,"/home/vishvrt/TypeScript/my-app/src/Components/templates/finished-books/MainFinished.tsx": {"path":"/home/vishvrt/TypeScript/my-app/src/Components/templates/finished-books/MainFinished.tsx","statementMap":{"0":{"start":{"line":16,"column":21},"end":{"line":28,"column":1}},"1":{"start":{"line":17,"column":2},"end":{"line":27,"column":4}}},"fnMap":{"0":{"name":"(anonymous_0)","decl":{"start":{"line":16,"column":21},"end":{"line":16,"column":22}},"loc":{"start":{"line":16,"column":39},"end":{"line":28,"column":1}},"line":16}},"branchMap":{},"s":{"0":3,"1":1},"f":{"0":1},"b":{},"_coverageSchema":"1a1c01bbd47fc00a2c39e90264f33305004495a9","hash":"2571017769dc42fc71723091d4f9626784f8f785"}
,"/home/vishvrt/TypeScript/my-app/src/Components/templates/reading-books/MainReading.stories.tsx": {"path":"/home/vishvrt/TypeScript/my-app/src/Components/templates/reading-books/MainReading.stories.tsx","statementMap":{"0":{"start":{"line":12,"column":6},"end":{"line":14,"column":21}},"1":{"start":{"line":19,"column":53},"end":{"line":21,"column":1}},"2":{"start":{"line":20,"column":2},"end":{"line":20,"column":27}},"3":{"start":{"line":23,"column":23},"end":{"line":23,"column":40}},"4":{"start":{"line":25,"column":0},"end":{"line":35,"column":2}}},"fnMap":{"0":{"name":"(anonymous_0)","decl":{"start":{"line":11,"column":4},"end":{"line":11,"column":5}},"loc":{"start":{"line":12,"column":6},"end":{"line":14,"column":21}},"line":12},"1":{"name":"(anonymous_1)","decl":{"start":{"line":19,"column":53},"end":{"line":19,"column":54}},"loc":{"start":{"line":20,"column":2},"end":{"line":20,"column":27}},"line":20}},"branchMap":{},"s":{"0":0,"1":0,"2":0,"3":0,"4":0},"f":{"0":0,"1":0},"b":{}}
,"/home/vishvrt/TypeScript/my-app/src/Components/templates/reading-books/MainReading.tsx": {"path":"/home/vishvrt/TypeScript/my-app/src/Components/templates/reading-books/MainReading.tsx","statementMap":{"0":{"start":{"line":16,"column":20},"end":{"line":25,"column":1}},"1":{"start":{"line":17,"column":2},"end":{"line":24,"column":4}}},"fnMap":{"0":{"name":"(anonymous_0)","decl":{"start":{"line":16,"column":20},"end":{"line":16,"column":21}},"loc":{"start":{"line":16,"column":38},"end":{"line":25,"column":1}},"line":16}},"branchMap":{},"s":{"0":2,"1":3},"f":{"0":3},"b":{},"_coverageSchema":"1a1c01bbd47fc00a2c39e90264f33305004495a9","hash":"a3ec8f244a51ff22f4a2cc2a516d4fa459f6827a"}
,"/home/vishvrt/TypeScript/my-app/src/stories/Button.stories.tsx": {"path":"/home/vishvrt/TypeScript/my-app/src/stories/Button.stories.tsx","statementMap":{"0":{"start":{"line":17,"column":48},"end":{"line":17,"column":78}},"1":{"start":{"line":17,"column":58},"end":{"line":17,"column":78}},"2":{"start":{"line":19,"column":23},"end":{"line":19,"column":40}},"3":{"start":{"line":21,"column":0},"end":{"line":24,"column":2}},"4":{"start":{"line":26,"column":25},"end":{"line":26,"column":42}},"5":{"start":{"line":27,"column":0},"end":{"line":29,"column":2}},"6":{"start":{"line":31,"column":21},"end":{"line":31,"column":38}},"7":{"start":{"line":32,"column":0},"end":{"line":35,"column":2}},"8":{"start":{"line":37,"column":21},"end":{"line":37,"column":38}},"9":{"start":{"line":38,"column":0},"end":{"line":41,"column":2}}},"fnMap":{"0":{"name":"(anonymous_0)","decl":{"start":{"line":17,"column":48},"end":{"line":17,"column":49}},"loc":{"start":{"line":17,"column":58},"end":{"line":17,"column":78}},"line":17}},"branchMap":{},"s":{"0":0,"1":0,"2":0,"3":0,"4":0,"5":0,"6":0,"7":0,"8":0,"9":0},"f":{"0":0},"b":{}}
,"/home/vishvrt/TypeScript/my-app/src/stories/Button.tsx": {"path":"/home/vishvrt/TypeScript/my-app/src/stories/Button.tsx","statementMap":{"0":{"start":{"line":30,"column":22},"end":{"line":48,"column":1}},"1":{"start":{"line":37,"column":15},"end":{"line":37,"column":84}},"2":{"start":{"line":38,"column":2},"end":{"line":47,"column":4}}},"fnMap":{"0":{"name":"(anonymous_0)","decl":{"start":{"line":30,"column":22},"end":{"line":30,"column":23}},"loc":{"start":{"line":36,"column":19},"end":{"line":48,"column":1}},"line":36}},"branchMap":{"0":{"loc":{"start":{"line":31,"column":2},"end":{"line":31,"column":17}},"type":"default-arg","locations":[{"start":{"line":31,"column":12},"end":{"line":31,"column":17}}],"line":31},"1":{"loc":{"start":{"line":32,"column":2},"end":{"line":32,"column":17}},"type":"default-arg","locations":[{"start":{"line":32,"column":9},"end":{"line":32,"column":17}}],"line":32},"2":{"loc":{"start":{"line":37,"column":15},"end":{"line":37,"column":84}},"type":"cond-expr","locations":[{"start":{"line":37,"column":25},"end":{"line":37,"column":52}},{"start":{"line":37,"column":55},"end":{"line":37,"column":84}}],"line":37}},"s":{"0":0,"1":0,"2":0},"f":{"0":0},"b":{"0":[0],"1":[0],"2":[0,0]}}
,"/home/vishvrt/TypeScript/my-app/src/stories/Header.stories.tsx": {"path":"/home/vishvrt/TypeScript/my-app/src/stories/Header.stories.tsx","statementMap":{"0":{"start":{"line":15,"column":48},"end":{"line":15,"column":78}},"1":{"start":{"line":15,"column":58},"end":{"line":15,"column":78}},"2":{"start":{"line":17,"column":24},"end":{"line":17,"column":41}},"3":{"start":{"line":18,"column":0},"end":{"line":22,"column":2}},"4":{"start":{"line":24,"column":25},"end":{"line":24,"column":42}},"5":{"start":{"line":25,"column":0},"end":{"line":25,"column":20}}},"fnMap":{"0":{"name":"(anonymous_0)","decl":{"start":{"line":15,"column":48},"end":{"line":15,"column":49}},"loc":{"start":{"line":15,"column":58},"end":{"line":15,"column":78}},"line":15}},"branchMap":{},"s":{"0":0,"1":0,"2":0,"3":0,"4":0,"5":0},"f":{"0":0},"b":{}}
,"/home/vishvrt/TypeScript/my-app/src/stories/Header.tsx": {"path":"/home/vishvrt/TypeScript/my-app/src/stories/Header.tsx","statementMap":{"0":{"start":{"line":17,"column":22},"end":{"line":56,"column":1}},"1":{"start":{"line":18,"column":2},"end":{"line":55,"column":11}}},"fnMap":{"0":{"name":"(anonymous_0)","decl":{"start":{"line":17,"column":22},"end":{"line":17,"column":23}},"loc":{"start":{"line":18,"column":2},"end":{"line":55,"column":11}},"line":18}},"branchMap":{"0":{"loc":{"start":{"line":40,"column":9},"end":{"line":52,"column":9}},"type":"cond-expr","locations":[{"start":{"line":41,"column":10},"end":{"line":46,"column":13}},{"start":{"line":48,"column":10},"end":{"line":51,"column":13}}],"line":40}},"s":{"0":0,"1":0},"f":{"0":0},"b":{"0":[0,0]}}
,"/home/vishvrt/TypeScript/my-app/src/stories/Page.stories.tsx": {"path":"/home/vishvrt/TypeScript/my-app/src/stories/Page.stories.tsx","statementMap":{"0":{"start":{"line":15,"column":46},"end":{"line":15,"column":74}},"1":{"start":{"line":15,"column":56},"end":{"line":15,"column":74}},"2":{"start":{"line":17,"column":25},"end":{"line":17,"column":42}},"3":{"start":{"line":19,"column":24},"end":{"line":19,"column":41}},"4":{"start":{"line":22,"column":0},"end":{"line":26,"column":2}},"5":{"start":{"line":23,"column":17},"end":{"line":23,"column":38}},"6":{"start":{"line":24,"column":22},"end":{"line":24,"column":75}},"7":{"start":{"line":25,"column":2},"end":{"line":25,"column":37}}},"fnMap":{"0":{"name":"(anonymous_0)","decl":{"start":{"line":15,"column":46},"end":{"line":15,"column":47}},"loc":{"start":{"line":15,"column":56},"end":{"line":15,"column":74}},"line":15},"1":{"name":"(anonymous_1)","decl":{"start":{"line":22,"column":16},"end":{"line":22,"column":17}},"loc":{"start":{"line":22,"column":45},"end":{"line":26,"column":1}},"line":22}},"branchMap":{},"s":{"0":0,"1":0,"2":0,"3":0,"4":0,"5":0,"6":0,"7":0},"f":{"0":0,"1":0},"b":{}}
,"/home/vishvrt/TypeScript/my-app/src/stories/Page.tsx": {"path":"/home/vishvrt/TypeScript/my-app/src/stories/Page.tsx","statementMap":{"0":{"start":{"line":10,"column":31},"end":{"line":73,"column":1}},"1":{"start":{"line":11,"column":26},"end":{"line":11,"column":48}},"2":{"start":{"line":13,"column":2},"end":{"line":72,"column":4}},"3":{"start":{"line":17,"column":23},"end":{"line":17,"column":52}},"4":{"start":{"line":18,"column":24},"end":{"line":18,"column":42}},"5":{"start":{"line":19,"column":31},"end":{"line":19,"column":60}}},"fnMap":{"0":{"name":"(anonymous_0)","decl":{"start":{"line":10,"column":31},"end":{"line":10,"column":32}},"loc":{"start":{"line":10,"column":37},"end":{"line":73,"column":1}},"line":10},"1":{"name":"(anonymous_1)","decl":{"start":{"line":17,"column":17},"end":{"line":17,"column":18}},"loc":{"start":{"line":17,"column":23},"end":{"line":17,"column":52}},"line":17},"2":{"name":"(anonymous_2)","decl":{"start":{"line":18,"column":18},"end":{"line":18,"column":19}},"loc":{"start":{"line":18,"column":24},"end":{"line":18,"column":42}},"line":18},"3":{"name":"(anonymous_3)","decl":{"start":{"line":19,"column":25},"end":{"line":19,"column":26}},"loc":{"start":{"line":19,"column":31},"end":{"line":19,"column":60}},"line":19}},"branchMap":{},"s":{"0":0,"1":0,"2":0,"3":0,"4":0,"5":0},"f":{"0":0,"1":0,"2":0,"3":0},"b":{}}
}
